mode: set
go.mlcdf.fr/dyndns/tests/smockertest/client.go:14.80,18.2 3 1
go.mlcdf.fr/dyndns/tests/smockertest/client.go:21.38,23.16 2 0
go.mlcdf.fr/dyndns/tests/smockertest/client.go:27.2,30.16 3 0
go.mlcdf.fr/dyndns/tests/smockertest/client.go:34.2,34.27 1 0
go.mlcdf.fr/dyndns/tests/smockertest/client.go:38.2,38.12 1 0
go.mlcdf.fr/dyndns/tests/smockertest/client.go:23.16,25.3 1 0
go.mlcdf.fr/dyndns/tests/smockertest/client.go:30.16,32.3 1 0
go.mlcdf.fr/dyndns/tests/smockertest/client.go:34.27,36.3 1 0
go.mlcdf.fr/dyndns/tests/smockertest/server.go:23.31,25.16 2 0
go.mlcdf.fr/dyndns/tests/smockertest/server.go:28.2,28.18 1 0
go.mlcdf.fr/dyndns/tests/smockertest/server.go:25.16,27.3 1 0
go.mlcdf.fr/dyndns/tests/smockertest/server.go:31.36,38.34 4 0
go.mlcdf.fr/dyndns/tests/smockertest/server.go:42.2,43.14 2 0
go.mlcdf.fr/dyndns/tests/smockertest/server.go:47.2,47.30 1 0
go.mlcdf.fr/dyndns/tests/smockertest/server.go:38.34,40.3 1 0
go.mlcdf.fr/dyndns/tests/smockertest/server.go:43.14,45.3 1 0
go.mlcdf.fr/dyndns/tests/smockertest/server.go:50.29,51.33 1 0
go.mlcdf.fr/dyndns/tests/smockertest/server.go:55.2,55.35 1 0
go.mlcdf.fr/dyndns/tests/smockertest/server.go:51.33,53.3 1 0
go.mlcdf.fr/dyndns/tests/smockertest/server.go:55.35,57.3 1 0
go.mlcdf.fr/dyndns/tests/smockertest/server.go:60.35,62.2 1 0
go.mlcdf.fr/dyndns/tests/smockertest/server.go:64.37,66.2 1 0
go.mlcdf.fr/dyndns/discord.go:66.58,69.2 2 0
go.mlcdf.fr/dyndns/discord.go:71.59,74.2 2 0
go.mlcdf.fr/dyndns/discord.go:76.61,79.2 2 0
go.mlcdf.fr/dyndns/discord.go:81.54,83.16 2 0
go.mlcdf.fr/dyndns/discord.go:87.2,88.16 2 0
go.mlcdf.fr/dyndns/discord.go:91.2,94.16 3 0
go.mlcdf.fr/dyndns/discord.go:98.2,98.27 1 0
go.mlcdf.fr/dyndns/discord.go:102.2,102.12 1 0
go.mlcdf.fr/dyndns/discord.go:83.16,85.3 1 0
go.mlcdf.fr/dyndns/discord.go:88.16,90.3 1 0
go.mlcdf.fr/dyndns/discord.go:94.16,96.3 1 0
go.mlcdf.fr/dyndns/discord.go:98.27,100.3 1 0
go.mlcdf.fr/dyndns/discord.go:105.60,107.16 2 0
go.mlcdf.fr/dyndns/discord.go:111.2,120.31 3 0
go.mlcdf.fr/dyndns/discord.go:107.16,109.3 1 0
go.mlcdf.fr/dyndns/dyndns.go:23.41,25.23 2 1
go.mlcdf.fr/dyndns/dyndns.go:28.2,28.23 1 1
go.mlcdf.fr/dyndns/dyndns.go:31.2,32.12 2 1
go.mlcdf.fr/dyndns/dyndns.go:25.23,27.3 1 1
go.mlcdf.fr/dyndns/dyndns.go:28.23,30.3 1 1
go.mlcdf.fr/dyndns/dyndns.go:35.44,37.23 2 0
go.mlcdf.fr/dyndns/dyndns.go:40.2,40.23 1 0
go.mlcdf.fr/dyndns/dyndns.go:43.2,43.15 1 0
go.mlcdf.fr/dyndns/dyndns.go:37.23,39.3 1 0
go.mlcdf.fr/dyndns/dyndns.go:40.23,42.3 1 0
go.mlcdf.fr/dyndns/dyndns.go:47.49,49.16 2 1
go.mlcdf.fr/dyndns/dyndns.go:52.2,55.16 3 1
go.mlcdf.fr/dyndns/dyndns.go:59.2,60.15 2 1
go.mlcdf.fr/dyndns/dyndns.go:64.2,64.21 1 1
go.mlcdf.fr/dyndns/dyndns.go:69.2,70.16 2 1
go.mlcdf.fr/dyndns/dyndns.go:73.2,76.16 3 1
go.mlcdf.fr/dyndns/dyndns.go:80.2,81.16 2 1
go.mlcdf.fr/dyndns/dyndns.go:85.2,85.41 1 1
go.mlcdf.fr/dyndns/dyndns.go:49.16,51.3 1 0
go.mlcdf.fr/dyndns/dyndns.go:55.16,57.3 1 0
go.mlcdf.fr/dyndns/dyndns.go:60.15,62.3 1 0
go.mlcdf.fr/dyndns/dyndns.go:64.21,67.3 1 0
go.mlcdf.fr/dyndns/dyndns.go:70.16,72.3 1 0
go.mlcdf.fr/dyndns/dyndns.go:76.16,78.3 1 0
go.mlcdf.fr/dyndns/dyndns.go:81.16,83.3 1 0
go.mlcdf.fr/dyndns/dyndns.go:90.95,92.16 2 1
go.mlcdf.fr/dyndns/dyndns.go:95.2,98.16 3 1
go.mlcdf.fr/dyndns/dyndns.go:102.2,104.17 2 1
go.mlcdf.fr/dyndns/dyndns.go:121.2,122.16 2 0
go.mlcdf.fr/dyndns/dyndns.go:126.2,129.12 3 0
go.mlcdf.fr/dyndns/dyndns.go:92.16,94.3 1 0
go.mlcdf.fr/dyndns/dyndns.go:98.16,100.3 1 0
go.mlcdf.fr/dyndns/dyndns.go:104.17,107.19 2 1
go.mlcdf.fr/dyndns/dyndns.go:118.3,118.13 1 1
go.mlcdf.fr/dyndns/dyndns.go:107.19,117.4 2 0
go.mlcdf.fr/dyndns/dyndns.go:122.16,124.3 1 0
go.mlcdf.fr/dyndns/dyndns.go:132.88,134.25 2 0
go.mlcdf.fr/dyndns/dyndns.go:146.2,155.70 2 0
go.mlcdf.fr/dyndns/dyndns.go:134.25,137.22 2 0
go.mlcdf.fr/dyndns/dyndns.go:143.3,143.34 1 0
go.mlcdf.fr/dyndns/dyndns.go:137.22,139.4 1 0
go.mlcdf.fr/dyndns/dyndns.go:139.9,141.4 1 0
go.mlcdf.fr/dyndns/dyndns.go:158.87,164.37 4 1
go.mlcdf.fr/dyndns/dyndns.go:176.2,178.33 2 1
go.mlcdf.fr/dyndns/dyndns.go:164.37,165.50 1 1
go.mlcdf.fr/dyndns/dyndns.go:165.50,168.66 2 1
go.mlcdf.fr/dyndns/dyndns.go:168.66,170.5 1 1
go.mlcdf.fr/dyndns/dyndns.go:170.10,170.73 1 1
go.mlcdf.fr/dyndns/dyndns.go:170.73,172.5 1 1
go.mlcdf.fr/dyndns/gandi.go:27.82,31.16 3 1
go.mlcdf.fr/dyndns/gandi.go:35.2,40.16 4 1
go.mlcdf.fr/dyndns/gandi.go:43.2,47.16 3 1
go.mlcdf.fr/dyndns/gandi.go:51.2,53.16 3 1
go.mlcdf.fr/dyndns/gandi.go:57.2,57.21 1 1
go.mlcdf.fr/dyndns/gandi.go:31.16,33.3 1 0
go.mlcdf.fr/dyndns/gandi.go:40.16,42.3 1 0
go.mlcdf.fr/dyndns/gandi.go:47.16,49.3 1 0
go.mlcdf.fr/dyndns/gandi.go:53.16,55.3 1 0
go.mlcdf.fr/dyndns/gandi.go:60.35,61.31 1 0
go.mlcdf.fr/dyndns/gandi.go:64.2,64.12 1 0
go.mlcdf.fr/dyndns/gandi.go:61.31,63.3 1 0
go.mlcdf.fr/dyndns/gandi.go:67.85,72.25 2 0
go.mlcdf.fr/dyndns/gandi.go:77.2,78.16 2 0
go.mlcdf.fr/dyndns/gandi.go:82.2,85.16 3 0
go.mlcdf.fr/dyndns/gandi.go:89.2,94.16 4 0
go.mlcdf.fr/dyndns/gandi.go:97.2,101.16 3 0
go.mlcdf.fr/dyndns/gandi.go:105.2,105.27 1 0
go.mlcdf.fr/dyndns/gandi.go:109.2,109.12 1 0
go.mlcdf.fr/dyndns/gandi.go:72.25,75.3 2 0
go.mlcdf.fr/dyndns/gandi.go:78.16,80.3 1 0
go.mlcdf.fr/dyndns/gandi.go:85.16,87.3 1 0
go.mlcdf.fr/dyndns/gandi.go:94.16,96.3 1 0
go.mlcdf.fr/dyndns/gandi.go:101.16,103.3 1 0
go.mlcdf.fr/dyndns/gandi.go:105.27,107.3 1 0
go.mlcdf.fr/dyndns/http.go:12.13,13.22 1 1
go.mlcdf.fr/dyndns/http.go:13.22,15.3 1 1
go.mlcdf.fr/dyndns/main.go:42.13,45.2 2 0
go.mlcdf.fr/dyndns/main.go:47.25,49.22 2 1
go.mlcdf.fr/dyndns/main.go:51.2,51.23 1 1
go.mlcdf.fr/dyndns/main.go:56.2,76.17 9 1
go.mlcdf.fr/dyndns/main.go:81.2,82.19 2 1
go.mlcdf.fr/dyndns/main.go:87.2,90.22 3 1
go.mlcdf.fr/dyndns/main.go:95.2,95.22 1 1
go.mlcdf.fr/dyndns/main.go:100.2,101.17 2 1
go.mlcdf.fr/dyndns/main.go:106.2,114.16 4 1
go.mlcdf.fr/dyndns/main.go:119.2,119.15 1 1
go.mlcdf.fr/dyndns/main.go:49.22,49.54 1 0
go.mlcdf.fr/dyndns/main.go:51.23,54.3 2 0
go.mlcdf.fr/dyndns/main.go:76.17,79.3 2 0
go.mlcdf.fr/dyndns/main.go:82.19,85.3 2 0
go.mlcdf.fr/dyndns/main.go:90.22,93.3 2 0
go.mlcdf.fr/dyndns/main.go:95.22,98.3 2 0
go.mlcdf.fr/dyndns/main.go:101.17,104.3 2 0
go.mlcdf.fr/dyndns/main.go:114.16,117.3 2 0
go.mlcdf.fr/dyndns/tests/smockertest/client.go:14.80,18.2 3 1
go.mlcdf.fr/dyndns/tests/smockertest/client.go:21.38,23.16 2 0
go.mlcdf.fr/dyndns/tests/smockertest/client.go:27.2,30.16 3 0
go.mlcdf.fr/dyndns/tests/smockertest/client.go:34.2,34.27 1 0
go.mlcdf.fr/dyndns/tests/smockertest/client.go:38.2,38.12 1 0
go.mlcdf.fr/dyndns/tests/smockertest/client.go:23.16,25.3 1 0
go.mlcdf.fr/dyndns/tests/smockertest/client.go:30.16,32.3 1 0
go.mlcdf.fr/dyndns/tests/smockertest/client.go:34.27,36.3 1 0
go.mlcdf.fr/dyndns/tests/smockertest/server.go:23.31,25.16 2 0
go.mlcdf.fr/dyndns/tests/smockertest/server.go:28.2,28.18 1 0
go.mlcdf.fr/dyndns/tests/smockertest/server.go:25.16,27.3 1 0
go.mlcdf.fr/dyndns/tests/smockertest/server.go:31.36,38.34 4 0
go.mlcdf.fr/dyndns/tests/smockertest/server.go:42.2,43.14 2 0
go.mlcdf.fr/dyndns/tests/smockertest/server.go:47.2,47.30 1 0
go.mlcdf.fr/dyndns/tests/smockertest/server.go:38.34,40.3 1 0
go.mlcdf.fr/dyndns/tests/smockertest/server.go:43.14,45.3 1 0
go.mlcdf.fr/dyndns/tests/smockertest/server.go:50.29,51.33 1 0
go.mlcdf.fr/dyndns/tests/smockertest/server.go:55.2,55.35 1 0
go.mlcdf.fr/dyndns/tests/smockertest/server.go:51.33,53.3 1 0
go.mlcdf.fr/dyndns/tests/smockertest/server.go:55.35,57.3 1 0
go.mlcdf.fr/dyndns/tests/smockertest/server.go:60.35,62.2 1 0
go.mlcdf.fr/dyndns/tests/smockertest/server.go:64.37,66.2 1 0
go.mlcdf.fr/dyndns/discord.go:66.58,69.2 2 1
go.mlcdf.fr/dyndns/discord.go:71.59,74.2 2 0
go.mlcdf.fr/dyndns/discord.go:76.61,79.2 2 0
go.mlcdf.fr/dyndns/discord.go:81.54,83.16 2 1
go.mlcdf.fr/dyndns/discord.go:87.2,88.16 2 1
go.mlcdf.fr/dyndns/discord.go:91.2,94.16 3 1
go.mlcdf.fr/dyndns/discord.go:98.2,98.27 1 1
go.mlcdf.fr/dyndns/discord.go:102.2,102.12 1 1
go.mlcdf.fr/dyndns/discord.go:83.16,85.3 1 0
go.mlcdf.fr/dyndns/discord.go:88.16,90.3 1 0
go.mlcdf.fr/dyndns/discord.go:94.16,96.3 1 0
go.mlcdf.fr/dyndns/discord.go:98.27,100.3 1 0
go.mlcdf.fr/dyndns/discord.go:105.60,107.16 2 0
go.mlcdf.fr/dyndns/discord.go:111.2,120.31 3 0
go.mlcdf.fr/dyndns/discord.go:107.16,109.3 1 0
go.mlcdf.fr/dyndns/dyndns.go:23.41,25.23 2 1
go.mlcdf.fr/dyndns/dyndns.go:28.2,28.23 1 1
go.mlcdf.fr/dyndns/dyndns.go:31.2,32.12 2 1
go.mlcdf.fr/dyndns/dyndns.go:25.23,27.3 1 1
go.mlcdf.fr/dyndns/dyndns.go:28.23,30.3 1 1
go.mlcdf.fr/dyndns/dyndns.go:35.44,37.23 2 0
go.mlcdf.fr/dyndns/dyndns.go:40.2,40.23 1 0
go.mlcdf.fr/dyndns/dyndns.go:43.2,43.15 1 0
go.mlcdf.fr/dyndns/dyndns.go:37.23,39.3 1 0
go.mlcdf.fr/dyndns/dyndns.go:40.23,42.3 1 0
go.mlcdf.fr/dyndns/dyndns.go:47.49,49.16 2 1
go.mlcdf.fr/dyndns/dyndns.go:52.2,55.16 3 1
go.mlcdf.fr/dyndns/dyndns.go:59.2,60.15 2 1
go.mlcdf.fr/dyndns/dyndns.go:64.2,64.21 1 1
go.mlcdf.fr/dyndns/dyndns.go:69.2,70.16 2 1
go.mlcdf.fr/dyndns/dyndns.go:73.2,76.16 3 1
go.mlcdf.fr/dyndns/dyndns.go:80.2,81.16 2 1
go.mlcdf.fr/dyndns/dyndns.go:85.2,85.41 1 1
go.mlcdf.fr/dyndns/dyndns.go:49.16,51.3 1 0
go.mlcdf.fr/dyndns/dyndns.go:55.16,57.3 1 0
go.mlcdf.fr/dyndns/dyndns.go:60.15,62.3 1 0
go.mlcdf.fr/dyndns/dyndns.go:64.21,67.3 1 0
go.mlcdf.fr/dyndns/dyndns.go:70.16,72.3 1 0
go.mlcdf.fr/dyndns/dyndns.go:76.16,78.3 1 0
go.mlcdf.fr/dyndns/dyndns.go:81.16,83.3 1 0
go.mlcdf.fr/dyndns/dyndns.go:90.95,92.16 2 1
go.mlcdf.fr/dyndns/dyndns.go:95.2,98.16 3 1
go.mlcdf.fr/dyndns/dyndns.go:102.2,104.17 2 1
go.mlcdf.fr/dyndns/dyndns.go:121.2,122.16 2 0
go.mlcdf.fr/dyndns/dyndns.go:126.2,129.12 3 0
go.mlcdf.fr/dyndns/dyndns.go:92.16,94.3 1 0
go.mlcdf.fr/dyndns/dyndns.go:98.16,100.3 1 0
go.mlcdf.fr/dyndns/dyndns.go:104.17,107.19 2 1
go.mlcdf.fr/dyndns/dyndns.go:118.3,118.13 1 0
go.mlcdf.fr/dyndns/dyndns.go:107.19,117.4 2 1
go.mlcdf.fr/dyndns/dyndns.go:122.16,124.3 1 0
go.mlcdf.fr/dyndns/dyndns.go:132.88,134.25 2 0
go.mlcdf.fr/dyndns/dyndns.go:146.2,155.70 2 0
go.mlcdf.fr/dyndns/dyndns.go:134.25,137.22 2 0
go.mlcdf.fr/dyndns/dyndns.go:143.3,143.34 1 0
go.mlcdf.fr/dyndns/dyndns.go:137.22,139.4 1 0
go.mlcdf.fr/dyndns/dyndns.go:139.9,141.4 1 0
go.mlcdf.fr/dyndns/dyndns.go:158.87,164.37 4 1
go.mlcdf.fr/dyndns/dyndns.go:176.2,178.33 2 1
go.mlcdf.fr/dyndns/dyndns.go:164.37,165.50 1 1
go.mlcdf.fr/dyndns/dyndns.go:165.50,168.66 2 1
go.mlcdf.fr/dyndns/dyndns.go:168.66,170.5 1 1
go.mlcdf.fr/dyndns/dyndns.go:170.10,170.73 1 1
go.mlcdf.fr/dyndns/dyndns.go:170.73,172.5 1 1
go.mlcdf.fr/dyndns/gandi.go:27.82,31.16 3 1
go.mlcdf.fr/dyndns/gandi.go:35.2,40.16 4 1
go.mlcdf.fr/dyndns/gandi.go:43.2,47.16 3 1
go.mlcdf.fr/dyndns/gandi.go:51.2,53.16 3 1
go.mlcdf.fr/dyndns/gandi.go:57.2,57.21 1 1
go.mlcdf.fr/dyndns/gandi.go:31.16,33.3 1 0
go.mlcdf.fr/dyndns/gandi.go:40.16,42.3 1 0
go.mlcdf.fr/dyndns/gandi.go:47.16,49.3 1 0
go.mlcdf.fr/dyndns/gandi.go:53.16,55.3 1 0
go.mlcdf.fr/dyndns/gandi.go:60.35,61.31 1 0
go.mlcdf.fr/dyndns/gandi.go:64.2,64.12 1 0
go.mlcdf.fr/dyndns/gandi.go:61.31,63.3 1 0
go.mlcdf.fr/dyndns/gandi.go:67.85,72.25 2 0
go.mlcdf.fr/dyndns/gandi.go:77.2,78.16 2 0
go.mlcdf.fr/dyndns/gandi.go:82.2,85.16 3 0
go.mlcdf.fr/dyndns/gandi.go:89.2,94.16 4 0
go.mlcdf.fr/dyndns/gandi.go:97.2,101.16 3 0
go.mlcdf.fr/dyndns/gandi.go:105.2,105.27 1 0
go.mlcdf.fr/dyndns/gandi.go:109.2,109.12 1 0
go.mlcdf.fr/dyndns/gandi.go:72.25,75.3 2 0
go.mlcdf.fr/dyndns/gandi.go:78.16,80.3 1 0
go.mlcdf.fr/dyndns/gandi.go:85.16,87.3 1 0
go.mlcdf.fr/dyndns/gandi.go:94.16,96.3 1 0
go.mlcdf.fr/dyndns/gandi.go:101.16,103.3 1 0
go.mlcdf.fr/dyndns/gandi.go:105.27,107.3 1 0
go.mlcdf.fr/dyndns/http.go:12.13,13.22 1 1
go.mlcdf.fr/dyndns/http.go:13.22,15.3 1 1
go.mlcdf.fr/dyndns/main.go:42.13,45.2 2 0
go.mlcdf.fr/dyndns/main.go:47.25,49.22 2 1
go.mlcdf.fr/dyndns/main.go:51.2,51.23 1 1
go.mlcdf.fr/dyndns/main.go:56.2,76.17 9 1
go.mlcdf.fr/dyndns/main.go:81.2,82.19 2 1
go.mlcdf.fr/dyndns/main.go:87.2,90.22 3 1
go.mlcdf.fr/dyndns/main.go:95.2,95.22 1 1
go.mlcdf.fr/dyndns/main.go:100.2,101.17 2 1
go.mlcdf.fr/dyndns/main.go:106.2,114.16 4 1
go.mlcdf.fr/dyndns/main.go:119.2,119.15 1 1
go.mlcdf.fr/dyndns/main.go:49.22,49.54 1 0
go.mlcdf.fr/dyndns/main.go:51.23,54.3 2 0
go.mlcdf.fr/dyndns/main.go:76.17,79.3 2 0
go.mlcdf.fr/dyndns/main.go:82.19,85.3 2 0
go.mlcdf.fr/dyndns/main.go:90.22,93.3 2 0
go.mlcdf.fr/dyndns/main.go:95.22,98.3 2 0
go.mlcdf.fr/dyndns/main.go:101.17,104.3 2 0
go.mlcdf.fr/dyndns/main.go:114.16,117.3 2 0
go.mlcdf.fr/dyndns/dyndns.go:23.41,25.23 2 1
go.mlcdf.fr/dyndns/dyndns.go:28.2,28.23 1 1
go.mlcdf.fr/dyndns/dyndns.go:31.2,32.12 2 1
go.mlcdf.fr/dyndns/dyndns.go:25.23,27.3 1 1
go.mlcdf.fr/dyndns/dyndns.go:28.23,30.3 1 1
go.mlcdf.fr/dyndns/dyndns.go:35.44,37.23 2 1
go.mlcdf.fr/dyndns/dyndns.go:40.2,40.23 1 1
go.mlcdf.fr/dyndns/dyndns.go:43.2,43.15 1 1
go.mlcdf.fr/dyndns/dyndns.go:37.23,39.3 1 1
go.mlcdf.fr/dyndns/dyndns.go:40.23,42.3 1 1
go.mlcdf.fr/dyndns/dyndns.go:47.49,49.16 2 1
go.mlcdf.fr/dyndns/dyndns.go:52.2,55.16 3 1
go.mlcdf.fr/dyndns/dyndns.go:59.2,60.15 2 1
go.mlcdf.fr/dyndns/dyndns.go:64.2,64.21 1 1
go.mlcdf.fr/dyndns/dyndns.go:69.2,70.16 2 1
go.mlcdf.fr/dyndns/dyndns.go:73.2,76.16 3 1
go.mlcdf.fr/dyndns/dyndns.go:80.2,81.16 2 1
go.mlcdf.fr/dyndns/dyndns.go:85.2,85.41 1 1
go.mlcdf.fr/dyndns/dyndns.go:49.16,51.3 1 0
go.mlcdf.fr/dyndns/dyndns.go:55.16,57.3 1 0
go.mlcdf.fr/dyndns/dyndns.go:60.15,62.3 1 0
go.mlcdf.fr/dyndns/dyndns.go:64.21,67.3 1 0
go.mlcdf.fr/dyndns/dyndns.go:70.16,72.3 1 0
go.mlcdf.fr/dyndns/dyndns.go:76.16,78.3 1 0
go.mlcdf.fr/dyndns/dyndns.go:81.16,83.3 1 0
go.mlcdf.fr/dyndns/dyndns.go:90.95,92.16 2 1
go.mlcdf.fr/dyndns/dyndns.go:95.2,98.16 3 1
go.mlcdf.fr/dyndns/dyndns.go:102.2,104.17 2 1
go.mlcdf.fr/dyndns/dyndns.go:121.2,122.16 2 1
go.mlcdf.fr/dyndns/dyndns.go:126.2,129.12 3 1
go.mlcdf.fr/dyndns/dyndns.go:92.16,94.3 1 0
go.mlcdf.fr/dyndns/dyndns.go:98.16,100.3 1 0
go.mlcdf.fr/dyndns/dyndns.go:104.17,107.19 2 0
go.mlcdf.fr/dyndns/dyndns.go:118.3,118.13 1 0
go.mlcdf.fr/dyndns/dyndns.go:107.19,117.4 2 0
go.mlcdf.fr/dyndns/dyndns.go:122.16,124.3 1 0
go.mlcdf.fr/dyndns/dyndns.go:132.88,134.25 2 1
go.mlcdf.fr/dyndns/dyndns.go:146.2,155.70 2 1
go.mlcdf.fr/dyndns/dyndns.go:134.25,137.22 2 1
go.mlcdf.fr/dyndns/dyndns.go:143.3,143.34 1 1
go.mlcdf.fr/dyndns/dyndns.go:137.22,139.4 1 1
go.mlcdf.fr/dyndns/dyndns.go:139.9,141.4 1 1
go.mlcdf.fr/dyndns/dyndns.go:158.87,164.37 4 1
go.mlcdf.fr/dyndns/dyndns.go:176.2,178.33 2 1
go.mlcdf.fr/dyndns/dyndns.go:164.37,165.50 1 1
go.mlcdf.fr/dyndns/dyndns.go:165.50,168.66 2 1
go.mlcdf.fr/dyndns/dyndns.go:168.66,170.5 1 0
go.mlcdf.fr/dyndns/dyndns.go:170.10,170.73 1 1
go.mlcdf.fr/dyndns/dyndns.go:170.73,172.5 1 1
go.mlcdf.fr/dyndns/gandi.go:27.82,31.16 3 1
go.mlcdf.fr/dyndns/gandi.go:35.2,40.16 4 1
go.mlcdf.fr/dyndns/gandi.go:43.2,47.16 3 1
go.mlcdf.fr/dyndns/gandi.go:51.2,53.16 3 1
go.mlcdf.fr/dyndns/gandi.go:57.2,57.21 1 1
go.mlcdf.fr/dyndns/gandi.go:31.16,33.3 1 0
go.mlcdf.fr/dyndns/gandi.go:40.16,42.3 1 0
go.mlcdf.fr/dyndns/gandi.go:47.16,49.3 1 0
go.mlcdf.fr/dyndns/gandi.go:53.16,55.3 1 0
go.mlcdf.fr/dyndns/gandi.go:60.35,61.31 1 1
go.mlcdf.fr/dyndns/gandi.go:64.2,64.12 1 1
go.mlcdf.fr/dyndns/gandi.go:61.31,63.3 1 1
go.mlcdf.fr/dyndns/gandi.go:67.85,72.25 2 1
go.mlcdf.fr/dyndns/gandi.go:77.2,78.16 2 1
go.mlcdf.fr/dyndns/gandi.go:82.2,85.16 3 1
go.mlcdf.fr/dyndns/gandi.go:89.2,94.16 4 1
go.mlcdf.fr/dyndns/gandi.go:97.2,101.16 3 1
go.mlcdf.fr/dyndns/gandi.go:105.2,105.27 1 1
go.mlcdf.fr/dyndns/gandi.go:109.2,109.12 1 1
go.mlcdf.fr/dyndns/gandi.go:72.25,75.3 2 1
go.mlcdf.fr/dyndns/gandi.go:78.16,80.3 1 0
go.mlcdf.fr/dyndns/gandi.go:85.16,87.3 1 0
go.mlcdf.fr/dyndns/gandi.go:94.16,96.3 1 0
go.mlcdf.fr/dyndns/gandi.go:101.16,103.3 1 0
go.mlcdf.fr/dyndns/gandi.go:105.27,107.3 1 0
go.mlcdf.fr/dyndns/http.go:12.13,13.22 1 1
go.mlcdf.fr/dyndns/http.go:13.22,15.3 1 1
go.mlcdf.fr/dyndns/main.go:42.13,45.2 2 0
go.mlcdf.fr/dyndns/main.go:47.25,49.22 2 1
go.mlcdf.fr/dyndns/main.go:51.2,51.23 1 1
go.mlcdf.fr/dyndns/main.go:56.2,76.17 9 1
go.mlcdf.fr/dyndns/main.go:81.2,82.19 2 1
go.mlcdf.fr/dyndns/main.go:87.2,90.22 3 1
go.mlcdf.fr/dyndns/main.go:95.2,95.22 1 1
go.mlcdf.fr/dyndns/main.go:100.2,101.17 2 1
go.mlcdf.fr/dyndns/main.go:106.2,114.16 4 1
go.mlcdf.fr/dyndns/main.go:119.2,119.15 1 1
go.mlcdf.fr/dyndns/main.go:49.22,49.54 1 0
go.mlcdf.fr/dyndns/main.go:51.23,54.3 2 0
go.mlcdf.fr/dyndns/main.go:76.17,79.3 2 0
go.mlcdf.fr/dyndns/main.go:82.19,85.3 2 0
go.mlcdf.fr/dyndns/main.go:90.22,93.3 2 0
go.mlcdf.fr/dyndns/main.go:95.22,98.3 2 0
go.mlcdf.fr/dyndns/main.go:101.17,104.3 2 0
go.mlcdf.fr/dyndns/main.go:114.16,117.3 2 0
go.mlcdf.fr/dyndns/tests/smockertest/client.go:14.80,18.2 3 1
go.mlcdf.fr/dyndns/tests/smockertest/client.go:21.38,23.16 2 0
go.mlcdf.fr/dyndns/tests/smockertest/client.go:27.2,30.16 3 0
go.mlcdf.fr/dyndns/tests/smockertest/client.go:34.2,34.27 1 0
go.mlcdf.fr/dyndns/tests/smockertest/client.go:38.2,38.12 1 0
go.mlcdf.fr/dyndns/tests/smockertest/client.go:23.16,25.3 1 0
go.mlcdf.fr/dyndns/tests/smockertest/client.go:30.16,32.3 1 0
go.mlcdf.fr/dyndns/tests/smockertest/client.go:34.27,36.3 1 0
go.mlcdf.fr/dyndns/tests/smockertest/server.go:23.31,25.16 2 0
go.mlcdf.fr/dyndns/tests/smockertest/server.go:28.2,28.18 1 0
go.mlcdf.fr/dyndns/tests/smockertest/server.go:25.16,27.3 1 0
go.mlcdf.fr/dyndns/tests/smockertest/server.go:31.36,38.34 4 0
go.mlcdf.fr/dyndns/tests/smockertest/server.go:42.2,43.14 2 0
go.mlcdf.fr/dyndns/tests/smockertest/server.go:47.2,47.30 1 0
go.mlcdf.fr/dyndns/tests/smockertest/server.go:38.34,40.3 1 0
go.mlcdf.fr/dyndns/tests/smockertest/server.go:43.14,45.3 1 0
go.mlcdf.fr/dyndns/tests/smockertest/server.go:50.29,51.33 1 0
go.mlcdf.fr/dyndns/tests/smockertest/server.go:55.2,55.35 1 0
go.mlcdf.fr/dyndns/tests/smockertest/server.go:51.33,53.3 1 0
go.mlcdf.fr/dyndns/tests/smockertest/server.go:55.35,57.3 1 0
go.mlcdf.fr/dyndns/tests/smockertest/server.go:60.35,62.2 1 0
go.mlcdf.fr/dyndns/tests/smockertest/server.go:64.37,66.2 1 0
go.mlcdf.fr/dyndns/discord.go:66.58,69.2 2 0
go.mlcdf.fr/dyndns/discord.go:71.59,74.2 2 0
go.mlcdf.fr/dyndns/discord.go:76.61,79.2 2 1
go.mlcdf.fr/dyndns/discord.go:81.54,83.16 2 1
go.mlcdf.fr/dyndns/discord.go:87.2,88.16 2 1
go.mlcdf.fr/dyndns/discord.go:91.2,94.16 3 1
go.mlcdf.fr/dyndns/discord.go:98.2,98.27 1 1
go.mlcdf.fr/dyndns/discord.go:102.2,102.12 1 1
go.mlcdf.fr/dyndns/discord.go:83.16,85.3 1 0
go.mlcdf.fr/dyndns/discord.go:88.16,90.3 1 0
go.mlcdf.fr/dyndns/discord.go:94.16,96.3 1 0
go.mlcdf.fr/dyndns/discord.go:98.27,100.3 1 0
go.mlcdf.fr/dyndns/discord.go:105.60,107.16 2 0
go.mlcdf.fr/dyndns/discord.go:111.2,120.31 3 0
go.mlcdf.fr/dyndns/discord.go:107.16,109.3 1 0
go.mlcdf.fr/dyndns/tests/smockertest/client.go:14.80,18.2 3 1
go.mlcdf.fr/dyndns/tests/smockertest/client.go:21.38,23.16 2 0
go.mlcdf.fr/dyndns/tests/smockertest/client.go:27.2,30.16 3 0
go.mlcdf.fr/dyndns/tests/smockertest/client.go:34.2,34.27 1 0
go.mlcdf.fr/dyndns/tests/smockertest/client.go:38.2,38.12 1 0
go.mlcdf.fr/dyndns/tests/smockertest/client.go:23.16,25.3 1 0
go.mlcdf.fr/dyndns/tests/smockertest/client.go:30.16,32.3 1 0
go.mlcdf.fr/dyndns/tests/smockertest/client.go:34.27,36.3 1 0
go.mlcdf.fr/dyndns/tests/smockertest/server.go:23.31,25.16 2 0
go.mlcdf.fr/dyndns/tests/smockertest/server.go:28.2,28.18 1 0
go.mlcdf.fr/dyndns/tests/smockertest/server.go:25.16,27.3 1 0
go.mlcdf.fr/dyndns/tests/smockertest/server.go:31.36,38.34 4 0
go.mlcdf.fr/dyndns/tests/smockertest/server.go:42.2,43.14 2 0
go.mlcdf.fr/dyndns/tests/smockertest/server.go:47.2,47.30 1 0
go.mlcdf.fr/dyndns/tests/smockertest/server.go:38.34,40.3 1 0
go.mlcdf.fr/dyndns/tests/smockertest/server.go:43.14,45.3 1 0
go.mlcdf.fr/dyndns/tests/smockertest/server.go:50.29,51.33 1 0
go.mlcdf.fr/dyndns/tests/smockertest/server.go:55.2,55.35 1 0
go.mlcdf.fr/dyndns/tests/smockertest/server.go:51.33,53.3 1 0
go.mlcdf.fr/dyndns/tests/smockertest/server.go:55.35,57.3 1 0
go.mlcdf.fr/dyndns/tests/smockertest/server.go:60.35,62.2 1 0
go.mlcdf.fr/dyndns/tests/smockertest/server.go:64.37,66.2 1 0
go.mlcdf.fr/dyndns/discord.go:66.58,69.2 2 0
go.mlcdf.fr/dyndns/discord.go:71.59,74.2 2 0
go.mlcdf.fr/dyndns/discord.go:76.61,79.2 2 1
go.mlcdf.fr/dyndns/discord.go:81.54,83.16 2 1
go.mlcdf.fr/dyndns/discord.go:87.2,88.16 2 1
go.mlcdf.fr/dyndns/discord.go:91.2,94.16 3 1
go.mlcdf.fr/dyndns/discord.go:98.2,98.27 1 1
go.mlcdf.fr/dyndns/discord.go:102.2,102.12 1 1
go.mlcdf.fr/dyndns/discord.go:83.16,85.3 1 0
go.mlcdf.fr/dyndns/discord.go:88.16,90.3 1 0
go.mlcdf.fr/dyndns/discord.go:94.16,96.3 1 0
go.mlcdf.fr/dyndns/discord.go:98.27,100.3 1 0
go.mlcdf.fr/dyndns/discord.go:105.60,107.16 2 0
go.mlcdf.fr/dyndns/discord.go:111.2,120.31 3 0
go.mlcdf.fr/dyndns/discord.go:107.16,109.3 1 0
go.mlcdf.fr/dyndns/dyndns.go:23.41,25.23 2 1
go.mlcdf.fr/dyndns/dyndns.go:28.2,28.23 1 1
go.mlcdf.fr/dyndns/dyndns.go:31.2,32.12 2 1
go.mlcdf.fr/dyndns/dyndns.go:25.23,27.3 1 1
go.mlcdf.fr/dyndns/dyndns.go:28.23,30.3 1 1
go.mlcdf.fr/dyndns/dyndns.go:35.44,37.23 2 1
go.mlcdf.fr/dyndns/dyndns.go:40.2,40.23 1 1
go.mlcdf.fr/dyndns/dyndns.go:43.2,43.15 1 1
go.mlcdf.fr/dyndns/dyndns.go:37.23,39.3 1 1
go.mlcdf.fr/dyndns/dyndns.go:40.23,42.3 1 1
go.mlcdf.fr/dyndns/dyndns.go:47.49,49.16 2 1
go.mlcdf.fr/dyndns/dyndns.go:52.2,55.16 3 1
go.mlcdf.fr/dyndns/dyndns.go:59.2,60.15 2 1
go.mlcdf.fr/dyndns/dyndns.go:64.2,64.21 1 1
go.mlcdf.fr/dyndns/dyndns.go:69.2,70.16 2 1
go.mlcdf.fr/dyndns/dyndns.go:73.2,76.16 3 1
go.mlcdf.fr/dyndns/dyndns.go:80.2,81.16 2 1
go.mlcdf.fr/dyndns/dyndns.go:85.2,85.41 1 1
go.mlcdf.fr/dyndns/dyndns.go:49.16,51.3 1 0
go.mlcdf.fr/dyndns/dyndns.go:55.16,57.3 1 0
go.mlcdf.fr/dyndns/dyndns.go:60.15,62.3 1 0
go.mlcdf.fr/dyndns/dyndns.go:64.21,67.3 1 0
go.mlcdf.fr/dyndns/dyndns.go:70.16,72.3 1 0
go.mlcdf.fr/dyndns/dyndns.go:76.16,78.3 1 0
go.mlcdf.fr/dyndns/dyndns.go:81.16,83.3 1 0
go.mlcdf.fr/dyndns/dyndns.go:90.95,92.16 2 1
go.mlcdf.fr/dyndns/dyndns.go:95.2,98.16 3 1
go.mlcdf.fr/dyndns/dyndns.go:102.2,104.17 2 1
go.mlcdf.fr/dyndns/dyndns.go:121.2,122.16 2 1
go.mlcdf.fr/dyndns/dyndns.go:126.2,129.12 3 1
go.mlcdf.fr/dyndns/dyndns.go:92.16,94.3 1 0
go.mlcdf.fr/dyndns/dyndns.go:98.16,100.3 1 0
go.mlcdf.fr/dyndns/dyndns.go:104.17,107.19 2 0
go.mlcdf.fr/dyndns/dyndns.go:118.3,118.13 1 0
go.mlcdf.fr/dyndns/dyndns.go:107.19,117.4 2 0
go.mlcdf.fr/dyndns/dyndns.go:122.16,124.3 1 0
go.mlcdf.fr/dyndns/dyndns.go:132.88,134.25 2 1
go.mlcdf.fr/dyndns/dyndns.go:146.2,155.70 2 1
go.mlcdf.fr/dyndns/dyndns.go:134.25,137.22 2 1
go.mlcdf.fr/dyndns/dyndns.go:143.3,143.34 1 1
go.mlcdf.fr/dyndns/dyndns.go:137.22,139.4 1 1
go.mlcdf.fr/dyndns/dyndns.go:139.9,141.4 1 1
go.mlcdf.fr/dyndns/dyndns.go:158.87,164.37 4 1
go.mlcdf.fr/dyndns/dyndns.go:176.2,178.33 2 1
go.mlcdf.fr/dyndns/dyndns.go:164.37,165.50 1 1
go.mlcdf.fr/dyndns/dyndns.go:165.50,168.66 2 1
go.mlcdf.fr/dyndns/dyndns.go:168.66,170.5 1 1
go.mlcdf.fr/dyndns/dyndns.go:170.10,170.73 1 0
go.mlcdf.fr/dyndns/dyndns.go:170.73,172.5 1 0
go.mlcdf.fr/dyndns/gandi.go:27.82,31.16 3 1
go.mlcdf.fr/dyndns/gandi.go:35.2,40.16 4 1
go.mlcdf.fr/dyndns/gandi.go:43.2,47.16 3 1
go.mlcdf.fr/dyndns/gandi.go:51.2,53.16 3 1
go.mlcdf.fr/dyndns/gandi.go:57.2,57.21 1 1
go.mlcdf.fr/dyndns/gandi.go:31.16,33.3 1 0
go.mlcdf.fr/dyndns/gandi.go:40.16,42.3 1 0
go.mlcdf.fr/dyndns/gandi.go:47.16,49.3 1 0
go.mlcdf.fr/dyndns/gandi.go:53.16,55.3 1 0
go.mlcdf.fr/dyndns/gandi.go:60.35,61.31 1 1
go.mlcdf.fr/dyndns/gandi.go:64.2,64.12 1 1
go.mlcdf.fr/dyndns/gandi.go:61.31,63.3 1 1
go.mlcdf.fr/dyndns/gandi.go:67.85,72.25 2 1
go.mlcdf.fr/dyndns/gandi.go:77.2,78.16 2 1
go.mlcdf.fr/dyndns/gandi.go:82.2,85.16 3 1
go.mlcdf.fr/dyndns/gandi.go:89.2,94.16 4 1
go.mlcdf.fr/dyndns/gandi.go:97.2,101.16 3 1
go.mlcdf.fr/dyndns/gandi.go:105.2,105.27 1 1
go.mlcdf.fr/dyndns/gandi.go:109.2,109.12 1 1
go.mlcdf.fr/dyndns/gandi.go:72.25,75.3 2 1
go.mlcdf.fr/dyndns/gandi.go:78.16,80.3 1 0
go.mlcdf.fr/dyndns/gandi.go:85.16,87.3 1 0
go.mlcdf.fr/dyndns/gandi.go:94.16,96.3 1 0
go.mlcdf.fr/dyndns/gandi.go:101.16,103.3 1 0
go.mlcdf.fr/dyndns/gandi.go:105.27,107.3 1 0
go.mlcdf.fr/dyndns/http.go:12.13,13.22 1 1
go.mlcdf.fr/dyndns/http.go:13.22,15.3 1 1
go.mlcdf.fr/dyndns/main.go:42.13,45.2 2 0
go.mlcdf.fr/dyndns/main.go:47.25,49.22 2 1
go.mlcdf.fr/dyndns/main.go:51.2,51.23 1 1
go.mlcdf.fr/dyndns/main.go:56.2,76.17 9 1
go.mlcdf.fr/dyndns/main.go:81.2,82.19 2 1
go.mlcdf.fr/dyndns/main.go:87.2,90.22 3 1
go.mlcdf.fr/dyndns/main.go:95.2,95.22 1 1
go.mlcdf.fr/dyndns/main.go:100.2,101.17 2 1
go.mlcdf.fr/dyndns/main.go:106.2,114.16 4 1
go.mlcdf.fr/dyndns/main.go:119.2,119.15 1 1
go.mlcdf.fr/dyndns/main.go:49.22,49.54 1 0
go.mlcdf.fr/dyndns/main.go:51.23,54.3 2 0
go.mlcdf.fr/dyndns/main.go:76.17,79.3 2 0
go.mlcdf.fr/dyndns/main.go:82.19,85.3 2 0
go.mlcdf.fr/dyndns/main.go:90.22,93.3 2 0
go.mlcdf.fr/dyndns/main.go:95.22,98.3 2 0
go.mlcdf.fr/dyndns/main.go:101.17,104.3 2 0
go.mlcdf.fr/dyndns/main.go:114.16,117.3 2 0
go.mlcdf.fr/dyndns/tests/smockertest/client.go:14.80,18.2 3 1
go.mlcdf.fr/dyndns/tests/smockertest/client.go:21.38,23.16 2 0
go.mlcdf.fr/dyndns/tests/smockertest/client.go:27.2,30.16 3 0
go.mlcdf.fr/dyndns/tests/smockertest/client.go:34.2,34.27 1 0
go.mlcdf.fr/dyndns/tests/smockertest/client.go:38.2,38.12 1 0
go.mlcdf.fr/dyndns/tests/smockertest/client.go:23.16,25.3 1 0
go.mlcdf.fr/dyndns/tests/smockertest/client.go:30.16,32.3 1 0
go.mlcdf.fr/dyndns/tests/smockertest/client.go:34.27,36.3 1 0
go.mlcdf.fr/dyndns/tests/smockertest/server.go:23.31,25.16 2 0
go.mlcdf.fr/dyndns/tests/smockertest/server.go:28.2,28.18 1 0
go.mlcdf.fr/dyndns/tests/smockertest/server.go:25.16,27.3 1 0
go.mlcdf.fr/dyndns/tests/smockertest/server.go:31.36,38.34 4 0
go.mlcdf.fr/dyndns/tests/smockertest/server.go:42.2,43.14 2 0
go.mlcdf.fr/dyndns/tests/smockertest/server.go:47.2,47.30 1 0
go.mlcdf.fr/dyndns/tests/smockertest/server.go:38.34,40.3 1 0
go.mlcdf.fr/dyndns/tests/smockertest/server.go:43.14,45.3 1 0
go.mlcdf.fr/dyndns/tests/smockertest/server.go:50.29,51.33 1 0
go.mlcdf.fr/dyndns/tests/smockertest/server.go:55.2,55.35 1 0
go.mlcdf.fr/dyndns/tests/smockertest/server.go:51.33,53.3 1 0
go.mlcdf.fr/dyndns/tests/smockertest/server.go:55.35,57.3 1 0
go.mlcdf.fr/dyndns/tests/smockertest/server.go:60.35,62.2 1 0
go.mlcdf.fr/dyndns/tests/smockertest/server.go:64.37,66.2 1 0
go.mlcdf.fr/dyndns/discord.go:66.58,69.2 2 0
go.mlcdf.fr/dyndns/discord.go:71.59,74.2 2 0
go.mlcdf.fr/dyndns/discord.go:76.61,79.2 2 1
go.mlcdf.fr/dyndns/discord.go:81.54,83.16 2 1
go.mlcdf.fr/dyndns/discord.go:87.2,88.16 2 1
go.mlcdf.fr/dyndns/discord.go:91.2,94.16 3 1
go.mlcdf.fr/dyndns/discord.go:98.2,98.27 1 1
go.mlcdf.fr/dyndns/discord.go:102.2,102.12 1 1
go.mlcdf.fr/dyndns/discord.go:83.16,85.3 1 0
go.mlcdf.fr/dyndns/discord.go:88.16,90.3 1 0
go.mlcdf.fr/dyndns/discord.go:94.16,96.3 1 0
go.mlcdf.fr/dyndns/discord.go:98.27,100.3 1 0
go.mlcdf.fr/dyndns/discord.go:105.60,107.16 2 0
go.mlcdf.fr/dyndns/discord.go:111.2,120.31 3 0
go.mlcdf.fr/dyndns/discord.go:107.16,109.3 1 0
go.mlcdf.fr/dyndns/dyndns.go:23.41,25.23 2 1
go.mlcdf.fr/dyndns/dyndns.go:28.2,28.23 1 1
go.mlcdf.fr/dyndns/dyndns.go:31.2,32.12 2 1
go.mlcdf.fr/dyndns/dyndns.go:25.23,27.3 1 1
go.mlcdf.fr/dyndns/dyndns.go:28.23,30.3 1 1
go.mlcdf.fr/dyndns/dyndns.go:35.44,37.23 2 1
go.mlcdf.fr/dyndns/dyndns.go:40.2,40.23 1 1
go.mlcdf.fr/dyndns/dyndns.go:43.2,43.15 1 1
go.mlcdf.fr/dyndns/dyndns.go:37.23,39.3 1 1
go.mlcdf.fr/dyndns/dyndns.go:40.23,42.3 1 1
go.mlcdf.fr/dyndns/dyndns.go:47.49,49.16 2 1
go.mlcdf.fr/dyndns/dyndns.go:52.2,55.16 3 1
go.mlcdf.fr/dyndns/dyndns.go:59.2,60.15 2 1
go.mlcdf.fr/dyndns/dyndns.go:64.2,64.21 1 1
go.mlcdf.fr/dyndns/dyndns.go:69.2,70.16 2 1
go.mlcdf.fr/dyndns/dyndns.go:73.2,76.16 3 1
go.mlcdf.fr/dyndns/dyndns.go:80.2,81.16 2 1
go.mlcdf.fr/dyndns/dyndns.go:85.2,85.41 1 1
go.mlcdf.fr/dyndns/dyndns.go:49.16,51.3 1 0
go.mlcdf.fr/dyndns/dyndns.go:55.16,57.3 1 0
go.mlcdf.fr/dyndns/dyndns.go:60.15,62.3 1 0
go.mlcdf.fr/dyndns/dyndns.go:64.21,67.3 1 0
go.mlcdf.fr/dyndns/dyndns.go:70.16,72.3 1 0
go.mlcdf.fr/dyndns/dyndns.go:76.16,78.3 1 0
go.mlcdf.fr/dyndns/dyndns.go:81.16,83.3 1 0
go.mlcdf.fr/dyndns/dyndns.go:90.95,92.16 2 1
go.mlcdf.fr/dyndns/dyndns.go:95.2,98.16 3 1
go.mlcdf.fr/dyndns/dyndns.go:102.2,104.17 2 1
go.mlcdf.fr/dyndns/dyndns.go:121.2,122.16 2 1
go.mlcdf.fr/dyndns/dyndns.go:126.2,129.12 3 1
go.mlcdf.fr/dyndns/dyndns.go:92.16,94.3 1 0
go.mlcdf.fr/dyndns/dyndns.go:98.16,100.3 1 0
go.mlcdf.fr/dyndns/dyndns.go:104.17,107.19 2 0
go.mlcdf.fr/dyndns/dyndns.go:118.3,118.13 1 0
go.mlcdf.fr/dyndns/dyndns.go:107.19,117.4 2 0
go.mlcdf.fr/dyndns/dyndns.go:122.16,124.3 1 0
go.mlcdf.fr/dyndns/dyndns.go:132.88,134.25 2 1
go.mlcdf.fr/dyndns/dyndns.go:146.2,155.70 2 1
go.mlcdf.fr/dyndns/dyndns.go:134.25,137.22 2 1
go.mlcdf.fr/dyndns/dyndns.go:143.3,143.34 1 1
go.mlcdf.fr/dyndns/dyndns.go:137.22,139.4 1 1
go.mlcdf.fr/dyndns/dyndns.go:139.9,141.4 1 1
go.mlcdf.fr/dyndns/dyndns.go:158.87,164.37 4 1
go.mlcdf.fr/dyndns/dyndns.go:176.2,178.33 2 1
go.mlcdf.fr/dyndns/dyndns.go:164.37,165.50 1 1
go.mlcdf.fr/dyndns/dyndns.go:165.50,168.66 2 1
go.mlcdf.fr/dyndns/dyndns.go:168.66,170.5 1 0
go.mlcdf.fr/dyndns/dyndns.go:170.10,170.73 1 1
go.mlcdf.fr/dyndns/dyndns.go:170.73,172.5 1 0
go.mlcdf.fr/dyndns/gandi.go:27.82,31.16 3 1
go.mlcdf.fr/dyndns/gandi.go:35.2,40.16 4 1
go.mlcdf.fr/dyndns/gandi.go:43.2,47.16 3 1
go.mlcdf.fr/dyndns/gandi.go:51.2,53.16 3 1
go.mlcdf.fr/dyndns/gandi.go:57.2,57.21 1 1
go.mlcdf.fr/dyndns/gandi.go:31.16,33.3 1 0
go.mlcdf.fr/dyndns/gandi.go:40.16,42.3 1 0
go.mlcdf.fr/dyndns/gandi.go:47.16,49.3 1 0
go.mlcdf.fr/dyndns/gandi.go:53.16,55.3 1 0
go.mlcdf.fr/dyndns/gandi.go:60.35,61.31 1 1
go.mlcdf.fr/dyndns/gandi.go:64.2,64.12 1 1
go.mlcdf.fr/dyndns/gandi.go:61.31,63.3 1 1
go.mlcdf.fr/dyndns/gandi.go:67.85,72.25 2 1
go.mlcdf.fr/dyndns/gandi.go:77.2,78.16 2 1
go.mlcdf.fr/dyndns/gandi.go:82.2,85.16 3 1
go.mlcdf.fr/dyndns/gandi.go:89.2,94.16 4 1
go.mlcdf.fr/dyndns/gandi.go:97.2,101.16 3 1
go.mlcdf.fr/dyndns/gandi.go:105.2,105.27 1 1
go.mlcdf.fr/dyndns/gandi.go:109.2,109.12 1 1
go.mlcdf.fr/dyndns/gandi.go:72.25,75.3 2 1
go.mlcdf.fr/dyndns/gandi.go:78.16,80.3 1 0
go.mlcdf.fr/dyndns/gandi.go:85.16,87.3 1 0
go.mlcdf.fr/dyndns/gandi.go:94.16,96.3 1 0
go.mlcdf.fr/dyndns/gandi.go:101.16,103.3 1 0
go.mlcdf.fr/dyndns/gandi.go:105.27,107.3 1 0
go.mlcdf.fr/dyndns/http.go:12.13,13.22 1 1
go.mlcdf.fr/dyndns/http.go:13.22,15.3 1 1
go.mlcdf.fr/dyndns/main.go:42.13,45.2 2 0
go.mlcdf.fr/dyndns/main.go:47.25,49.22 2 1
go.mlcdf.fr/dyndns/main.go:51.2,51.23 1 1
go.mlcdf.fr/dyndns/main.go:56.2,76.17 9 1
go.mlcdf.fr/dyndns/main.go:81.2,82.19 2 1
go.mlcdf.fr/dyndns/main.go:87.2,90.22 3 1
go.mlcdf.fr/dyndns/main.go:95.2,95.22 1 1
go.mlcdf.fr/dyndns/main.go:100.2,101.17 2 1
go.mlcdf.fr/dyndns/main.go:106.2,114.16 4 1
go.mlcdf.fr/dyndns/main.go:119.2,119.15 1 1
go.mlcdf.fr/dyndns/main.go:49.22,49.54 1 0
go.mlcdf.fr/dyndns/main.go:51.23,54.3 2 0
go.mlcdf.fr/dyndns/main.go:76.17,79.3 2 0
go.mlcdf.fr/dyndns/main.go:82.19,85.3 2 0
go.mlcdf.fr/dyndns/main.go:90.22,93.3 2 0
go.mlcdf.fr/dyndns/main.go:95.22,98.3 2 0
go.mlcdf.fr/dyndns/main.go:101.17,104.3 2 0
go.mlcdf.fr/dyndns/main.go:114.16,117.3 2 0
go.mlcdf.fr/dyndns/dyndns.go:23.41,25.23 2 1
go.mlcdf.fr/dyndns/dyndns.go:28.2,28.23 1 1
go.mlcdf.fr/dyndns/dyndns.go:31.2,32.12 2 1
go.mlcdf.fr/dyndns/dyndns.go:25.23,27.3 1 1
go.mlcdf.fr/dyndns/dyndns.go:28.23,30.3 1 1
go.mlcdf.fr/dyndns/dyndns.go:35.44,37.23 2 1
go.mlcdf.fr/dyndns/dyndns.go:40.2,40.23 1 1
go.mlcdf.fr/dyndns/dyndns.go:43.2,43.15 1 1
go.mlcdf.fr/dyndns/dyndns.go:37.23,39.3 1 1
go.mlcdf.fr/dyndns/dyndns.go:40.23,42.3 1 1
go.mlcdf.fr/dyndns/dyndns.go:47.49,49.16 2 1
go.mlcdf.fr/dyndns/dyndns.go:52.2,55.16 3 1
go.mlcdf.fr/dyndns/dyndns.go:59.2,60.15 2 1
go.mlcdf.fr/dyndns/dyndns.go:64.2,64.21 1 1
go.mlcdf.fr/dyndns/dyndns.go:69.2,70.16 2 1
go.mlcdf.fr/dyndns/dyndns.go:73.2,76.16 3 1
go.mlcdf.fr/dyndns/dyndns.go:80.2,81.16 2 1
go.mlcdf.fr/dyndns/dyndns.go:85.2,85.41 1 1
go.mlcdf.fr/dyndns/dyndns.go:49.16,51.3 1 0
go.mlcdf.fr/dyndns/dyndns.go:55.16,57.3 1 0
go.mlcdf.fr/dyndns/dyndns.go:60.15,62.3 1 0
go.mlcdf.fr/dyndns/dyndns.go:64.21,67.3 1 0
go.mlcdf.fr/dyndns/dyndns.go:70.16,72.3 1 0
go.mlcdf.fr/dyndns/dyndns.go:76.16,78.3 1 0
go.mlcdf.fr/dyndns/dyndns.go:81.16,83.3 1 0
go.mlcdf.fr/dyndns/dyndns.go:90.95,92.16 2 1
go.mlcdf.fr/dyndns/dyndns.go:95.2,98.16 3 1
go.mlcdf.fr/dyndns/dyndns.go:102.2,104.17 2 1
go.mlcdf.fr/dyndns/dyndns.go:121.2,122.16 2 1
go.mlcdf.fr/dyndns/dyndns.go:126.2,129.12 3 1
go.mlcdf.fr/dyndns/dyndns.go:92.16,94.3 1 0
go.mlcdf.fr/dyndns/dyndns.go:98.16,100.3 1 0
go.mlcdf.fr/dyndns/dyndns.go:104.17,107.19 2 0
go.mlcdf.fr/dyndns/dyndns.go:118.3,118.13 1 0
go.mlcdf.fr/dyndns/dyndns.go:107.19,117.4 2 0
go.mlcdf.fr/dyndns/dyndns.go:122.16,124.3 1 0
go.mlcdf.fr/dyndns/dyndns.go:132.88,134.25 2 1
go.mlcdf.fr/dyndns/dyndns.go:146.2,155.70 2 1
go.mlcdf.fr/dyndns/dyndns.go:134.25,137.22 2 1
go.mlcdf.fr/dyndns/dyndns.go:143.3,143.34 1 1
go.mlcdf.fr/dyndns/dyndns.go:137.22,139.4 1 1
go.mlcdf.fr/dyndns/dyndns.go:139.9,141.4 1 1
go.mlcdf.fr/dyndns/dyndns.go:158.87,164.37 4 1
go.mlcdf.fr/dyndns/dyndns.go:176.2,178.33 2 1
go.mlcdf.fr/dyndns/dyndns.go:164.37,165.50 1 1
go.mlcdf.fr/dyndns/dyndns.go:165.50,168.66 2 1
go.mlcdf.fr/dyndns/dyndns.go:168.66,170.5 1 0
go.mlcdf.fr/dyndns/dyndns.go:170.10,170.73 1 1
go.mlcdf.fr/dyndns/dyndns.go:170.73,172.5 1 0
go.mlcdf.fr/dyndns/gandi.go:27.82,31.16 3 1
go.mlcdf.fr/dyndns/gandi.go:35.2,40.16 4 1
go.mlcdf.fr/dyndns/gandi.go:43.2,47.16 3 1
go.mlcdf.fr/dyndns/gandi.go:51.2,53.16 3 1
go.mlcdf.fr/dyndns/gandi.go:57.2,57.21 1 1
go.mlcdf.fr/dyndns/gandi.go:31.16,33.3 1 0
go.mlcdf.fr/dyndns/gandi.go:40.16,42.3 1 0
go.mlcdf.fr/dyndns/gandi.go:47.16,49.3 1 0
go.mlcdf.fr/dyndns/gandi.go:53.16,55.3 1 0
go.mlcdf.fr/dyndns/gandi.go:60.35,61.31 1 1
go.mlcdf.fr/dyndns/gandi.go:64.2,64.12 1 1
go.mlcdf.fr/dyndns/gandi.go:61.31,63.3 1 1
go.mlcdf.fr/dyndns/gandi.go:67.85,72.25 2 1
go.mlcdf.fr/dyndns/gandi.go:77.2,78.16 2 1
go.mlcdf.fr/dyndns/gandi.go:82.2,85.16 3 1
go.mlcdf.fr/dyndns/gandi.go:89.2,94.16 4 1
go.mlcdf.fr/dyndns/gandi.go:97.2,101.16 3 1
go.mlcdf.fr/dyndns/gandi.go:105.2,105.27 1 1
go.mlcdf.fr/dyndns/gandi.go:109.2,109.12 1 1
go.mlcdf.fr/dyndns/gandi.go:72.25,75.3 2 1
go.mlcdf.fr/dyndns/gandi.go:78.16,80.3 1 0
go.mlcdf.fr/dyndns/gandi.go:85.16,87.3 1 0
go.mlcdf.fr/dyndns/gandi.go:94.16,96.3 1 0
go.mlcdf.fr/dyndns/gandi.go:101.16,103.3 1 0
go.mlcdf.fr/dyndns/gandi.go:105.27,107.3 1 0
go.mlcdf.fr/dyndns/http.go:12.13,13.22 1 1
go.mlcdf.fr/dyndns/http.go:13.22,15.3 1 1
go.mlcdf.fr/dyndns/main.go:42.13,45.2 2 0
go.mlcdf.fr/dyndns/main.go:47.25,49.22 2 1
go.mlcdf.fr/dyndns/main.go:51.2,51.23 1 1
go.mlcdf.fr/dyndns/main.go:56.2,76.17 9 1
go.mlcdf.fr/dyndns/main.go:81.2,82.19 2 1
go.mlcdf.fr/dyndns/main.go:87.2,90.22 3 1
go.mlcdf.fr/dyndns/main.go:95.2,95.22 1 1
go.mlcdf.fr/dyndns/main.go:100.2,101.17 2 1
go.mlcdf.fr/dyndns/main.go:106.2,114.16 4 1
go.mlcdf.fr/dyndns/main.go:119.2,119.15 1 1
go.mlcdf.fr/dyndns/main.go:49.22,49.54 1 0
go.mlcdf.fr/dyndns/main.go:51.23,54.3 2 0
go.mlcdf.fr/dyndns/main.go:76.17,79.3 2 0
go.mlcdf.fr/dyndns/main.go:82.19,85.3 2 0
go.mlcdf.fr/dyndns/main.go:90.22,93.3 2 0
go.mlcdf.fr/dyndns/main.go:95.22,98.3 2 0
go.mlcdf.fr/dyndns/main.go:101.17,104.3 2 0
go.mlcdf.fr/dyndns/main.go:114.16,117.3 2 0
go.mlcdf.fr/dyndns/tests/smockertest/client.go:14.80,18.2 3 1
go.mlcdf.fr/dyndns/tests/smockertest/client.go:21.38,23.16 2 0
go.mlcdf.fr/dyndns/tests/smockertest/client.go:27.2,30.16 3 0
go.mlcdf.fr/dyndns/tests/smockertest/client.go:34.2,34.27 1 0
go.mlcdf.fr/dyndns/tests/smockertest/client.go:38.2,38.12 1 0
go.mlcdf.fr/dyndns/tests/smockertest/client.go:23.16,25.3 1 0
go.mlcdf.fr/dyndns/tests/smockertest/client.go:30.16,32.3 1 0
go.mlcdf.fr/dyndns/tests/smockertest/client.go:34.27,36.3 1 0
go.mlcdf.fr/dyndns/tests/smockertest/server.go:23.31,25.16 2 0
go.mlcdf.fr/dyndns/tests/smockertest/server.go:28.2,28.18 1 0
go.mlcdf.fr/dyndns/tests/smockertest/server.go:25.16,27.3 1 0
go.mlcdf.fr/dyndns/tests/smockertest/server.go:31.36,38.34 4 0
go.mlcdf.fr/dyndns/tests/smockertest/server.go:42.2,43.14 2 0
go.mlcdf.fr/dyndns/tests/smockertest/server.go:47.2,47.30 1 0
go.mlcdf.fr/dyndns/tests/smockertest/server.go:38.34,40.3 1 0
go.mlcdf.fr/dyndns/tests/smockertest/server.go:43.14,45.3 1 0
go.mlcdf.fr/dyndns/tests/smockertest/server.go:50.29,51.33 1 0
go.mlcdf.fr/dyndns/tests/smockertest/server.go:55.2,55.35 1 0
go.mlcdf.fr/dyndns/tests/smockertest/server.go:51.33,53.3 1 0
go.mlcdf.fr/dyndns/tests/smockertest/server.go:55.35,57.3 1 0
go.mlcdf.fr/dyndns/tests/smockertest/server.go:60.35,62.2 1 0
go.mlcdf.fr/dyndns/tests/smockertest/server.go:64.37,66.2 1 0
go.mlcdf.fr/dyndns/discord.go:66.58,69.2 2 0
go.mlcdf.fr/dyndns/discord.go:71.59,74.2 2 0
go.mlcdf.fr/dyndns/discord.go:76.61,79.2 2 1
go.mlcdf.fr/dyndns/discord.go:81.54,83.16 2 1
go.mlcdf.fr/dyndns/discord.go:87.2,88.16 2 1
go.mlcdf.fr/dyndns/discord.go:91.2,94.16 3 1
go.mlcdf.fr/dyndns/discord.go:98.2,98.27 1 1
go.mlcdf.fr/dyndns/discord.go:102.2,102.12 1 1
go.mlcdf.fr/dyndns/discord.go:83.16,85.3 1 0
go.mlcdf.fr/dyndns/discord.go:88.16,90.3 1 0
go.mlcdf.fr/dyndns/discord.go:94.16,96.3 1 0
go.mlcdf.fr/dyndns/discord.go:98.27,100.3 1 0
go.mlcdf.fr/dyndns/discord.go:105.60,107.16 2 0
go.mlcdf.fr/dyndns/discord.go:111.2,120.31 3 0
go.mlcdf.fr/dyndns/discord.go:107.16,109.3 1 0
go.mlcdf.fr/dyndns/gandi.go:27.82,31.16 3 0
go.mlcdf.fr/dyndns/gandi.go:35.2,40.16 4 0
go.mlcdf.fr/dyndns/gandi.go:43.2,47.16 3 0
go.mlcdf.fr/dyndns/gandi.go:51.2,53.16 3 0
go.mlcdf.fr/dyndns/gandi.go:57.2,57.21 1 0
go.mlcdf.fr/dyndns/gandi.go:31.16,33.3 1 0
go.mlcdf.fr/dyndns/gandi.go:40.16,42.3 1 0
go.mlcdf.fr/dyndns/gandi.go:47.16,49.3 1 0
go.mlcdf.fr/dyndns/gandi.go:53.16,55.3 1 0
go.mlcdf.fr/dyndns/gandi.go:60.35,61.31 1 0
go.mlcdf.fr/dyndns/gandi.go:64.2,64.12 1 0
go.mlcdf.fr/dyndns/gandi.go:61.31,63.3 1 0
go.mlcdf.fr/dyndns/gandi.go:67.85,72.25 2 0
go.mlcdf.fr/dyndns/gandi.go:77.2,78.16 2 0
go.mlcdf.fr/dyndns/gandi.go:82.2,85.16 3 0
go.mlcdf.fr/dyndns/gandi.go:89.2,94.16 4 0
go.mlcdf.fr/dyndns/gandi.go:97.2,101.16 3 0
go.mlcdf.fr/dyndns/gandi.go:105.2,105.27 1 0
go.mlcdf.fr/dyndns/gandi.go:109.2,109.12 1 0
go.mlcdf.fr/dyndns/gandi.go:72.25,75.3 2 0
go.mlcdf.fr/dyndns/gandi.go:78.16,80.3 1 0
go.mlcdf.fr/dyndns/gandi.go:85.16,87.3 1 0
go.mlcdf.fr/dyndns/gandi.go:94.16,96.3 1 0
go.mlcdf.fr/dyndns/gandi.go:101.16,103.3 1 0
go.mlcdf.fr/dyndns/gandi.go:105.27,107.3 1 0
go.mlcdf.fr/dyndns/http.go:12.13,13.22 1 1
go.mlcdf.fr/dyndns/http.go:13.22,15.3 1 1
go.mlcdf.fr/dyndns/main.go:42.13,45.2 2 0
go.mlcdf.fr/dyndns/main.go:47.25,49.22 2 1
go.mlcdf.fr/dyndns/main.go:51.2,51.23 1 1
go.mlcdf.fr/dyndns/main.go:56.2,76.17 9 1
go.mlcdf.fr/dyndns/main.go:81.2,82.19 2 0
go.mlcdf.fr/dyndns/main.go:87.2,90.22 3 0
go.mlcdf.fr/dyndns/main.go:95.2,95.22 1 0
go.mlcdf.fr/dyndns/main.go:100.2,101.17 2 0
go.mlcdf.fr/dyndns/main.go:106.2,114.16 4 0
go.mlcdf.fr/dyndns/main.go:119.2,119.15 1 0
go.mlcdf.fr/dyndns/main.go:49.22,49.54 1 0
go.mlcdf.fr/dyndns/main.go:51.23,54.3 2 0
go.mlcdf.fr/dyndns/main.go:76.17,79.3 2 1
go.mlcdf.fr/dyndns/main.go:82.19,85.3 2 0
go.mlcdf.fr/dyndns/main.go:90.22,93.3 2 0
go.mlcdf.fr/dyndns/main.go:95.22,98.3 2 0
go.mlcdf.fr/dyndns/main.go:101.17,104.3 2 0
go.mlcdf.fr/dyndns/main.go:114.16,117.3 2 0
go.mlcdf.fr/dyndns/tests/smockertest/client.go:14.80,18.2 3 0
go.mlcdf.fr/dyndns/tests/smockertest/client.go:21.38,23.16 2 0
go.mlcdf.fr/dyndns/tests/smockertest/client.go:27.2,30.16 3 0
go.mlcdf.fr/dyndns/tests/smockertest/client.go:34.2,34.27 1 0
go.mlcdf.fr/dyndns/tests/smockertest/client.go:38.2,38.12 1 0
go.mlcdf.fr/dyndns/tests/smockertest/client.go:23.16,25.3 1 0
go.mlcdf.fr/dyndns/tests/smockertest/client.go:30.16,32.3 1 0
go.mlcdf.fr/dyndns/tests/smockertest/client.go:34.27,36.3 1 0
go.mlcdf.fr/dyndns/tests/smockertest/server.go:23.31,25.16 2 0
go.mlcdf.fr/dyndns/tests/smockertest/server.go:28.2,28.18 1 0
go.mlcdf.fr/dyndns/tests/smockertest/server.go:25.16,27.3 1 0
go.mlcdf.fr/dyndns/tests/smockertest/server.go:31.36,38.34 4 0
go.mlcdf.fr/dyndns/tests/smockertest/server.go:42.2,43.14 2 0
go.mlcdf.fr/dyndns/tests/smockertest/server.go:47.2,47.30 1 0
go.mlcdf.fr/dyndns/tests/smockertest/server.go:38.34,40.3 1 0
go.mlcdf.fr/dyndns/tests/smockertest/server.go:43.14,45.3 1 0
go.mlcdf.fr/dyndns/tests/smockertest/server.go:50.29,51.33 1 0
go.mlcdf.fr/dyndns/tests/smockertest/server.go:55.2,55.35 1 0
go.mlcdf.fr/dyndns/tests/smockertest/server.go:51.33,53.3 1 0
go.mlcdf.fr/dyndns/tests/smockertest/server.go:55.35,57.3 1 0
go.mlcdf.fr/dyndns/tests/smockertest/server.go:60.35,62.2 1 0
go.mlcdf.fr/dyndns/tests/smockertest/server.go:64.37,66.2 1 0
go.mlcdf.fr/dyndns/discord.go:66.58,69.2 2 0
go.mlcdf.fr/dyndns/discord.go:71.59,74.2 2 0
go.mlcdf.fr/dyndns/discord.go:76.61,79.2 2 0
go.mlcdf.fr/dyndns/discord.go:81.54,83.16 2 0
go.mlcdf.fr/dyndns/discord.go:87.2,88.16 2 0
go.mlcdf.fr/dyndns/discord.go:91.2,94.16 3 0
go.mlcdf.fr/dyndns/discord.go:98.2,98.27 1 0
go.mlcdf.fr/dyndns/discord.go:102.2,102.12 1 0
go.mlcdf.fr/dyndns/discord.go:83.16,85.3 1 0
go.mlcdf.fr/dyndns/discord.go:88.16,90.3 1 0
go.mlcdf.fr/dyndns/discord.go:94.16,96.3 1 0
go.mlcdf.fr/dyndns/discord.go:98.27,100.3 1 0
go.mlcdf.fr/dyndns/discord.go:105.60,107.16 2 0
go.mlcdf.fr/dyndns/discord.go:111.2,120.31 3 0
go.mlcdf.fr/dyndns/discord.go:107.16,109.3 1 0
go.mlcdf.fr/dyndns/dyndns.go:23.41,25.23 2 0
go.mlcdf.fr/dyndns/dyndns.go:28.2,28.23 1 0
go.mlcdf.fr/dyndns/dyndns.go:31.2,32.12 2 0
go.mlcdf.fr/dyndns/dyndns.go:25.23,27.3 1 0
go.mlcdf.fr/dyndns/dyndns.go:28.23,30.3 1 0
go.mlcdf.fr/dyndns/dyndns.go:35.44,37.23 2 0
go.mlcdf.fr/dyndns/dyndns.go:40.2,40.23 1 0
go.mlcdf.fr/dyndns/dyndns.go:43.2,43.15 1 0
go.mlcdf.fr/dyndns/dyndns.go:37.23,39.3 1 0
go.mlcdf.fr/dyndns/dyndns.go:40.23,42.3 1 0
go.mlcdf.fr/dyndns/dyndns.go:47.49,49.16 2 0
go.mlcdf.fr/dyndns/dyndns.go:52.2,55.16 3 0
go.mlcdf.fr/dyndns/dyndns.go:59.2,60.15 2 0
go.mlcdf.fr/dyndns/dyndns.go:64.2,64.21 1 0
go.mlcdf.fr/dyndns/dyndns.go:69.2,70.16 2 0
go.mlcdf.fr/dyndns/dyndns.go:73.2,76.16 3 0
go.mlcdf.fr/dyndns/dyndns.go:80.2,81.16 2 0
go.mlcdf.fr/dyndns/dyndns.go:85.2,85.41 1 0
go.mlcdf.fr/dyndns/dyndns.go:49.16,51.3 1 0
go.mlcdf.fr/dyndns/dyndns.go:55.16,57.3 1 0
go.mlcdf.fr/dyndns/dyndns.go:60.15,62.3 1 0
go.mlcdf.fr/dyndns/dyndns.go:64.21,67.3 1 0
go.mlcdf.fr/dyndns/dyndns.go:70.16,72.3 1 0
go.mlcdf.fr/dyndns/dyndns.go:76.16,78.3 1 0
go.mlcdf.fr/dyndns/dyndns.go:81.16,83.3 1 0
go.mlcdf.fr/dyndns/dyndns.go:90.95,92.16 2 0
go.mlcdf.fr/dyndns/dyndns.go:95.2,98.16 3 0
go.mlcdf.fr/dyndns/dyndns.go:102.2,104.17 2 0
go.mlcdf.fr/dyndns/dyndns.go:121.2,122.16 2 0
go.mlcdf.fr/dyndns/dyndns.go:126.2,129.12 3 0
go.mlcdf.fr/dyndns/dyndns.go:92.16,94.3 1 0
go.mlcdf.fr/dyndns/dyndns.go:98.16,100.3 1 0
go.mlcdf.fr/dyndns/dyndns.go:104.17,107.19 2 0
go.mlcdf.fr/dyndns/dyndns.go:118.3,118.13 1 0
go.mlcdf.fr/dyndns/dyndns.go:107.19,117.4 2 0
go.mlcdf.fr/dyndns/dyndns.go:122.16,124.3 1 0
go.mlcdf.fr/dyndns/dyndns.go:132.88,134.25 2 0
go.mlcdf.fr/dyndns/dyndns.go:146.2,155.70 2 0
go.mlcdf.fr/dyndns/dyndns.go:134.25,137.22 2 0
go.mlcdf.fr/dyndns/dyndns.go:143.3,143.34 1 0
go.mlcdf.fr/dyndns/dyndns.go:137.22,139.4 1 0
go.mlcdf.fr/dyndns/dyndns.go:139.9,141.4 1 0
go.mlcdf.fr/dyndns/dyndns.go:158.87,164.37 4 0
go.mlcdf.fr/dyndns/dyndns.go:176.2,178.33 2 0
go.mlcdf.fr/dyndns/dyndns.go:164.37,165.50 1 0
go.mlcdf.fr/dyndns/dyndns.go:165.50,168.66 2 0
go.mlcdf.fr/dyndns/dyndns.go:168.66,170.5 1 0
go.mlcdf.fr/dyndns/dyndns.go:170.10,170.73 1 0
go.mlcdf.fr/dyndns/dyndns.go:170.73,172.5 1 0
go.mlcdf.fr/dyndns/http.go:12.13,13.22 1 1
go.mlcdf.fr/dyndns/http.go:13.22,15.3 1 1
go.mlcdf.fr/dyndns/main.go:42.13,45.2 2 0
go.mlcdf.fr/dyndns/main.go:47.25,49.22 2 1
go.mlcdf.fr/dyndns/main.go:51.2,51.23 1 1
go.mlcdf.fr/dyndns/main.go:56.2,76.17 9 1
go.mlcdf.fr/dyndns/main.go:81.2,82.19 2 0
go.mlcdf.fr/dyndns/main.go:87.2,90.22 3 0
go.mlcdf.fr/dyndns/main.go:95.2,95.22 1 0
go.mlcdf.fr/dyndns/main.go:100.2,101.17 2 0
go.mlcdf.fr/dyndns/main.go:106.2,114.16 4 0
go.mlcdf.fr/dyndns/main.go:119.2,119.15 1 0
go.mlcdf.fr/dyndns/main.go:49.22,49.54 1 0
go.mlcdf.fr/dyndns/main.go:51.23,54.3 2 0
go.mlcdf.fr/dyndns/main.go:76.17,79.3 2 1
go.mlcdf.fr/dyndns/main.go:82.19,85.3 2 0
go.mlcdf.fr/dyndns/main.go:90.22,93.3 2 0
go.mlcdf.fr/dyndns/main.go:95.22,98.3 2 0
go.mlcdf.fr/dyndns/main.go:101.17,104.3 2 0
go.mlcdf.fr/dyndns/main.go:114.16,117.3 2 0
go.mlcdf.fr/dyndns/tests/smockertest/client.go:14.80,18.2 3 0
go.mlcdf.fr/dyndns/tests/smockertest/client.go:21.38,23.16 2 0
go.mlcdf.fr/dyndns/tests/smockertest/client.go:27.2,30.16 3 0
go.mlcdf.fr/dyndns/tests/smockertest/client.go:34.2,34.27 1 0
go.mlcdf.fr/dyndns/tests/smockertest/client.go:38.2,38.12 1 0
go.mlcdf.fr/dyndns/tests/smockertest/client.go:23.16,25.3 1 0
go.mlcdf.fr/dyndns/tests/smockertest/client.go:30.16,32.3 1 0
go.mlcdf.fr/dyndns/tests/smockertest/client.go:34.27,36.3 1 0
go.mlcdf.fr/dyndns/tests/smockertest/server.go:23.31,25.16 2 0
go.mlcdf.fr/dyndns/tests/smockertest/server.go:28.2,28.18 1 0
go.mlcdf.fr/dyndns/tests/smockertest/server.go:25.16,27.3 1 0
go.mlcdf.fr/dyndns/tests/smockertest/server.go:31.36,38.34 4 0
go.mlcdf.fr/dyndns/tests/smockertest/server.go:42.2,43.14 2 0
go.mlcdf.fr/dyndns/tests/smockertest/server.go:47.2,47.30 1 0
go.mlcdf.fr/dyndns/tests/smockertest/server.go:38.34,40.3 1 0
go.mlcdf.fr/dyndns/tests/smockertest/server.go:43.14,45.3 1 0
go.mlcdf.fr/dyndns/tests/smockertest/server.go:50.29,51.33 1 0
go.mlcdf.fr/dyndns/tests/smockertest/server.go:55.2,55.35 1 0
go.mlcdf.fr/dyndns/tests/smockertest/server.go:51.33,53.3 1 0
go.mlcdf.fr/dyndns/tests/smockertest/server.go:55.35,57.3 1 0
go.mlcdf.fr/dyndns/tests/smockertest/server.go:60.35,62.2 1 0
go.mlcdf.fr/dyndns/tests/smockertest/server.go:64.37,66.2 1 0
go.mlcdf.fr/dyndns/discord.go:66.58,69.2 2 0
go.mlcdf.fr/dyndns/discord.go:71.59,74.2 2 0
go.mlcdf.fr/dyndns/discord.go:76.61,79.2 2 0
go.mlcdf.fr/dyndns/discord.go:81.54,83.16 2 0
go.mlcdf.fr/dyndns/discord.go:87.2,88.16 2 0
go.mlcdf.fr/dyndns/discord.go:91.2,94.16 3 0
go.mlcdf.fr/dyndns/discord.go:98.2,98.27 1 0
go.mlcdf.fr/dyndns/discord.go:102.2,102.12 1 0
go.mlcdf.fr/dyndns/discord.go:83.16,85.3 1 0
go.mlcdf.fr/dyndns/discord.go:88.16,90.3 1 0
go.mlcdf.fr/dyndns/discord.go:94.16,96.3 1 0
go.mlcdf.fr/dyndns/discord.go:98.27,100.3 1 0
go.mlcdf.fr/dyndns/discord.go:105.60,107.16 2 0
go.mlcdf.fr/dyndns/discord.go:111.2,120.31 3 0
go.mlcdf.fr/dyndns/discord.go:107.16,109.3 1 0
go.mlcdf.fr/dyndns/dyndns.go:23.41,25.23 2 0
go.mlcdf.fr/dyndns/dyndns.go:28.2,28.23 1 0
go.mlcdf.fr/dyndns/dyndns.go:31.2,32.12 2 0
go.mlcdf.fr/dyndns/dyndns.go:25.23,27.3 1 0
go.mlcdf.fr/dyndns/dyndns.go:28.23,30.3 1 0
go.mlcdf.fr/dyndns/dyndns.go:35.44,37.23 2 0
go.mlcdf.fr/dyndns/dyndns.go:40.2,40.23 1 0
go.mlcdf.fr/dyndns/dyndns.go:43.2,43.15 1 0
go.mlcdf.fr/dyndns/dyndns.go:37.23,39.3 1 0
go.mlcdf.fr/dyndns/dyndns.go:40.23,42.3 1 0
go.mlcdf.fr/dyndns/dyndns.go:47.49,49.16 2 0
go.mlcdf.fr/dyndns/dyndns.go:52.2,55.16 3 0
go.mlcdf.fr/dyndns/dyndns.go:59.2,60.15 2 0
go.mlcdf.fr/dyndns/dyndns.go:64.2,64.21 1 0
go.mlcdf.fr/dyndns/dyndns.go:69.2,70.16 2 0
go.mlcdf.fr/dyndns/dyndns.go:73.2,76.16 3 0
go.mlcdf.fr/dyndns/dyndns.go:80.2,81.16 2 0
go.mlcdf.fr/dyndns/dyndns.go:85.2,85.41 1 0
go.mlcdf.fr/dyndns/dyndns.go:49.16,51.3 1 0
go.mlcdf.fr/dyndns/dyndns.go:55.16,57.3 1 0
go.mlcdf.fr/dyndns/dyndns.go:60.15,62.3 1 0
go.mlcdf.fr/dyndns/dyndns.go:64.21,67.3 1 0
go.mlcdf.fr/dyndns/dyndns.go:70.16,72.3 1 0
go.mlcdf.fr/dyndns/dyndns.go:76.16,78.3 1 0
go.mlcdf.fr/dyndns/dyndns.go:81.16,83.3 1 0
go.mlcdf.fr/dyndns/dyndns.go:90.95,92.16 2 0
go.mlcdf.fr/dyndns/dyndns.go:95.2,98.16 3 0
go.mlcdf.fr/dyndns/dyndns.go:102.2,104.17 2 0
go.mlcdf.fr/dyndns/dyndns.go:121.2,122.16 2 0
go.mlcdf.fr/dyndns/dyndns.go:126.2,129.12 3 0
go.mlcdf.fr/dyndns/dyndns.go:92.16,94.3 1 0
go.mlcdf.fr/dyndns/dyndns.go:98.16,100.3 1 0
go.mlcdf.fr/dyndns/dyndns.go:104.17,107.19 2 0
go.mlcdf.fr/dyndns/dyndns.go:118.3,118.13 1 0
go.mlcdf.fr/dyndns/dyndns.go:107.19,117.4 2 0
go.mlcdf.fr/dyndns/dyndns.go:122.16,124.3 1 0
go.mlcdf.fr/dyndns/dyndns.go:132.88,134.25 2 0
go.mlcdf.fr/dyndns/dyndns.go:146.2,155.70 2 0
go.mlcdf.fr/dyndns/dyndns.go:134.25,137.22 2 0
go.mlcdf.fr/dyndns/dyndns.go:143.3,143.34 1 0
go.mlcdf.fr/dyndns/dyndns.go:137.22,139.4 1 0
go.mlcdf.fr/dyndns/dyndns.go:139.9,141.4 1 0
go.mlcdf.fr/dyndns/dyndns.go:158.87,164.37 4 0
go.mlcdf.fr/dyndns/dyndns.go:176.2,178.33 2 0
go.mlcdf.fr/dyndns/dyndns.go:164.37,165.50 1 0
go.mlcdf.fr/dyndns/dyndns.go:165.50,168.66 2 0
go.mlcdf.fr/dyndns/dyndns.go:168.66,170.5 1 0
go.mlcdf.fr/dyndns/dyndns.go:170.10,170.73 1 0
go.mlcdf.fr/dyndns/dyndns.go:170.73,172.5 1 0
go.mlcdf.fr/dyndns/gandi.go:27.82,31.16 3 0
go.mlcdf.fr/dyndns/gandi.go:35.2,40.16 4 0
go.mlcdf.fr/dyndns/gandi.go:43.2,47.16 3 0
go.mlcdf.fr/dyndns/gandi.go:51.2,53.16 3 0
go.mlcdf.fr/dyndns/gandi.go:57.2,57.21 1 0
go.mlcdf.fr/dyndns/gandi.go:31.16,33.3 1 0
go.mlcdf.fr/dyndns/gandi.go:40.16,42.3 1 0
go.mlcdf.fr/dyndns/gandi.go:47.16,49.3 1 0
go.mlcdf.fr/dyndns/gandi.go:53.16,55.3 1 0
go.mlcdf.fr/dyndns/gandi.go:60.35,61.31 1 0
go.mlcdf.fr/dyndns/gandi.go:64.2,64.12 1 0
go.mlcdf.fr/dyndns/gandi.go:61.31,63.3 1 0
go.mlcdf.fr/dyndns/gandi.go:67.85,72.25 2 0
go.mlcdf.fr/dyndns/gandi.go:77.2,78.16 2 0
go.mlcdf.fr/dyndns/gandi.go:82.2,85.16 3 0
go.mlcdf.fr/dyndns/gandi.go:89.2,94.16 4 0
go.mlcdf.fr/dyndns/gandi.go:97.2,101.16 3 0
go.mlcdf.fr/dyndns/gandi.go:105.2,105.27 1 0
go.mlcdf.fr/dyndns/gandi.go:109.2,109.12 1 0
go.mlcdf.fr/dyndns/gandi.go:72.25,75.3 2 0
go.mlcdf.fr/dyndns/gandi.go:78.16,80.3 1 0
go.mlcdf.fr/dyndns/gandi.go:85.16,87.3 1 0
go.mlcdf.fr/dyndns/gandi.go:94.16,96.3 1 0
go.mlcdf.fr/dyndns/gandi.go:101.16,103.3 1 0
go.mlcdf.fr/dyndns/gandi.go:105.27,107.3 1 0
go.mlcdf.fr/dyndns/tests/smockertest/client.go:14.80,18.2 3 0
go.mlcdf.fr/dyndns/tests/smockertest/client.go:21.38,23.16 2 0
go.mlcdf.fr/dyndns/tests/smockertest/client.go:27.2,30.16 3 0
go.mlcdf.fr/dyndns/tests/smockertest/client.go:34.2,34.27 1 0
go.mlcdf.fr/dyndns/tests/smockertest/client.go:38.2,38.12 1 0
go.mlcdf.fr/dyndns/tests/smockertest/client.go:23.16,25.3 1 0
go.mlcdf.fr/dyndns/tests/smockertest/client.go:30.16,32.3 1 0
go.mlcdf.fr/dyndns/tests/smockertest/client.go:34.27,36.3 1 0
go.mlcdf.fr/dyndns/tests/smockertest/server.go:23.31,25.16 2 0
go.mlcdf.fr/dyndns/tests/smockertest/server.go:28.2,28.18 1 0
go.mlcdf.fr/dyndns/tests/smockertest/server.go:25.16,27.3 1 0
go.mlcdf.fr/dyndns/tests/smockertest/server.go:31.36,38.34 4 0
go.mlcdf.fr/dyndns/tests/smockertest/server.go:42.2,43.14 2 0
go.mlcdf.fr/dyndns/tests/smockertest/server.go:47.2,47.30 1 0
go.mlcdf.fr/dyndns/tests/smockertest/server.go:38.34,40.3 1 0
go.mlcdf.fr/dyndns/tests/smockertest/server.go:43.14,45.3 1 0
go.mlcdf.fr/dyndns/tests/smockertest/server.go:50.29,51.33 1 0
go.mlcdf.fr/dyndns/tests/smockertest/server.go:55.2,55.35 1 0
go.mlcdf.fr/dyndns/tests/smockertest/server.go:51.33,53.3 1 0
go.mlcdf.fr/dyndns/tests/smockertest/server.go:55.35,57.3 1 0
go.mlcdf.fr/dyndns/tests/smockertest/server.go:60.35,62.2 1 0
go.mlcdf.fr/dyndns/tests/smockertest/server.go:64.37,66.2 1 0
go.mlcdf.fr/dyndns/discord.go:66.58,69.2 2 0
go.mlcdf.fr/dyndns/discord.go:71.59,74.2 2 0
go.mlcdf.fr/dyndns/discord.go:76.61,79.2 2 0
go.mlcdf.fr/dyndns/discord.go:81.54,83.16 2 0
go.mlcdf.fr/dyndns/discord.go:87.2,88.16 2 0
go.mlcdf.fr/dyndns/discord.go:91.2,94.16 3 0
go.mlcdf.fr/dyndns/discord.go:98.2,98.27 1 0
go.mlcdf.fr/dyndns/discord.go:102.2,102.12 1 0
go.mlcdf.fr/dyndns/discord.go:83.16,85.3 1 0
go.mlcdf.fr/dyndns/discord.go:88.16,90.3 1 0
go.mlcdf.fr/dyndns/discord.go:94.16,96.3 1 0
go.mlcdf.fr/dyndns/discord.go:98.27,100.3 1 0
go.mlcdf.fr/dyndns/discord.go:105.60,107.16 2 0
go.mlcdf.fr/dyndns/discord.go:111.2,120.31 3 0
go.mlcdf.fr/dyndns/discord.go:107.16,109.3 1 0
go.mlcdf.fr/dyndns/dyndns.go:23.41,25.23 2 0
go.mlcdf.fr/dyndns/dyndns.go:28.2,28.23 1 0
go.mlcdf.fr/dyndns/dyndns.go:31.2,32.12 2 0
go.mlcdf.fr/dyndns/dyndns.go:25.23,27.3 1 0
go.mlcdf.fr/dyndns/dyndns.go:28.23,30.3 1 0
go.mlcdf.fr/dyndns/dyndns.go:35.44,37.23 2 0
go.mlcdf.fr/dyndns/dyndns.go:40.2,40.23 1 0
go.mlcdf.fr/dyndns/dyndns.go:43.2,43.15 1 0
go.mlcdf.fr/dyndns/dyndns.go:37.23,39.3 1 0
go.mlcdf.fr/dyndns/dyndns.go:40.23,42.3 1 0
go.mlcdf.fr/dyndns/dyndns.go:47.49,49.16 2 0
go.mlcdf.fr/dyndns/dyndns.go:52.2,55.16 3 0
go.mlcdf.fr/dyndns/dyndns.go:59.2,60.15 2 0
go.mlcdf.fr/dyndns/dyndns.go:64.2,64.21 1 0
go.mlcdf.fr/dyndns/dyndns.go:69.2,70.16 2 0
go.mlcdf.fr/dyndns/dyndns.go:73.2,76.16 3 0
go.mlcdf.fr/dyndns/dyndns.go:80.2,81.16 2 0
go.mlcdf.fr/dyndns/dyndns.go:85.2,85.41 1 0
go.mlcdf.fr/dyndns/dyndns.go:49.16,51.3 1 0
go.mlcdf.fr/dyndns/dyndns.go:55.16,57.3 1 0
go.mlcdf.fr/dyndns/dyndns.go:60.15,62.3 1 0
go.mlcdf.fr/dyndns/dyndns.go:64.21,67.3 1 0
go.mlcdf.fr/dyndns/dyndns.go:70.16,72.3 1 0
go.mlcdf.fr/dyndns/dyndns.go:76.16,78.3 1 0
go.mlcdf.fr/dyndns/dyndns.go:81.16,83.3 1 0
go.mlcdf.fr/dyndns/dyndns.go:90.95,92.16 2 0
go.mlcdf.fr/dyndns/dyndns.go:95.2,98.16 3 0
go.mlcdf.fr/dyndns/dyndns.go:102.2,104.17 2 0
go.mlcdf.fr/dyndns/dyndns.go:121.2,122.16 2 0
go.mlcdf.fr/dyndns/dyndns.go:126.2,129.12 3 0
go.mlcdf.fr/dyndns/dyndns.go:92.16,94.3 1 0
go.mlcdf.fr/dyndns/dyndns.go:98.16,100.3 1 0
go.mlcdf.fr/dyndns/dyndns.go:104.17,107.19 2 0
go.mlcdf.fr/dyndns/dyndns.go:118.3,118.13 1 0
go.mlcdf.fr/dyndns/dyndns.go:107.19,117.4 2 0
go.mlcdf.fr/dyndns/dyndns.go:122.16,124.3 1 0
go.mlcdf.fr/dyndns/dyndns.go:132.88,134.25 2 0
go.mlcdf.fr/dyndns/dyndns.go:146.2,155.70 2 0
go.mlcdf.fr/dyndns/dyndns.go:134.25,137.22 2 0
go.mlcdf.fr/dyndns/dyndns.go:143.3,143.34 1 0
go.mlcdf.fr/dyndns/dyndns.go:137.22,139.4 1 0
go.mlcdf.fr/dyndns/dyndns.go:139.9,141.4 1 0
go.mlcdf.fr/dyndns/dyndns.go:158.87,164.37 4 0
go.mlcdf.fr/dyndns/dyndns.go:176.2,178.33 2 0
go.mlcdf.fr/dyndns/dyndns.go:164.37,165.50 1 0
go.mlcdf.fr/dyndns/dyndns.go:165.50,168.66 2 0
go.mlcdf.fr/dyndns/dyndns.go:168.66,170.5 1 0
go.mlcdf.fr/dyndns/dyndns.go:170.10,170.73 1 0
go.mlcdf.fr/dyndns/dyndns.go:170.73,172.5 1 0
go.mlcdf.fr/dyndns/gandi.go:27.82,31.16 3 0
go.mlcdf.fr/dyndns/gandi.go:35.2,40.16 4 0
go.mlcdf.fr/dyndns/gandi.go:43.2,47.16 3 0
go.mlcdf.fr/dyndns/gandi.go:51.2,53.16 3 0
go.mlcdf.fr/dyndns/gandi.go:57.2,57.21 1 0
go.mlcdf.fr/dyndns/gandi.go:31.16,33.3 1 0
go.mlcdf.fr/dyndns/gandi.go:40.16,42.3 1 0
go.mlcdf.fr/dyndns/gandi.go:47.16,49.3 1 0
go.mlcdf.fr/dyndns/gandi.go:53.16,55.3 1 0
go.mlcdf.fr/dyndns/gandi.go:60.35,61.31 1 0
go.mlcdf.fr/dyndns/gandi.go:64.2,64.12 1 0
go.mlcdf.fr/dyndns/gandi.go:61.31,63.3 1 0
go.mlcdf.fr/dyndns/gandi.go:67.85,72.25 2 0
go.mlcdf.fr/dyndns/gandi.go:77.2,78.16 2 0
go.mlcdf.fr/dyndns/gandi.go:82.2,85.16 3 0
go.mlcdf.fr/dyndns/gandi.go:89.2,94.16 4 0
go.mlcdf.fr/dyndns/gandi.go:97.2,101.16 3 0
go.mlcdf.fr/dyndns/gandi.go:105.2,105.27 1 0
go.mlcdf.fr/dyndns/gandi.go:109.2,109.12 1 0
go.mlcdf.fr/dyndns/gandi.go:72.25,75.3 2 0
go.mlcdf.fr/dyndns/gandi.go:78.16,80.3 1 0
go.mlcdf.fr/dyndns/gandi.go:85.16,87.3 1 0
go.mlcdf.fr/dyndns/gandi.go:94.16,96.3 1 0
go.mlcdf.fr/dyndns/gandi.go:101.16,103.3 1 0
go.mlcdf.fr/dyndns/gandi.go:105.27,107.3 1 0
go.mlcdf.fr/dyndns/http.go:12.13,13.22 1 1
go.mlcdf.fr/dyndns/http.go:13.22,15.3 1 1
go.mlcdf.fr/dyndns/main.go:42.13,45.2 2 0
go.mlcdf.fr/dyndns/main.go:47.25,49.22 2 1
go.mlcdf.fr/dyndns/main.go:51.2,51.23 1 1
go.mlcdf.fr/dyndns/main.go:56.2,76.17 9 1
go.mlcdf.fr/dyndns/main.go:81.2,82.19 2 1
go.mlcdf.fr/dyndns/main.go:87.2,90.22 3 1
go.mlcdf.fr/dyndns/main.go:95.2,95.22 1 1
go.mlcdf.fr/dyndns/main.go:100.2,101.17 2 1
go.mlcdf.fr/dyndns/main.go:106.2,114.16 4 0
go.mlcdf.fr/dyndns/main.go:119.2,119.15 1 0
go.mlcdf.fr/dyndns/main.go:49.22,49.54 1 0
go.mlcdf.fr/dyndns/main.go:51.23,54.3 2 0
go.mlcdf.fr/dyndns/main.go:76.17,79.3 2 0
go.mlcdf.fr/dyndns/main.go:82.19,85.3 2 0
go.mlcdf.fr/dyndns/main.go:90.22,93.3 2 0
go.mlcdf.fr/dyndns/main.go:95.22,98.3 2 0
go.mlcdf.fr/dyndns/main.go:101.17,104.3 2 1
go.mlcdf.fr/dyndns/main.go:114.16,117.3 2 0
go.mlcdf.fr/dyndns/tests/smockertest/client.go:14.80,18.2 3 0
go.mlcdf.fr/dyndns/tests/smockertest/client.go:21.38,23.16 2 0
go.mlcdf.fr/dyndns/tests/smockertest/client.go:27.2,30.16 3 0
go.mlcdf.fr/dyndns/tests/smockertest/client.go:34.2,34.27 1 0
go.mlcdf.fr/dyndns/tests/smockertest/client.go:38.2,38.12 1 0
go.mlcdf.fr/dyndns/tests/smockertest/client.go:23.16,25.3 1 0
go.mlcdf.fr/dyndns/tests/smockertest/client.go:30.16,32.3 1 0
go.mlcdf.fr/dyndns/tests/smockertest/client.go:34.27,36.3 1 0
go.mlcdf.fr/dyndns/tests/smockertest/server.go:23.31,25.16 2 0
go.mlcdf.fr/dyndns/tests/smockertest/server.go:28.2,28.18 1 0
go.mlcdf.fr/dyndns/tests/smockertest/server.go:25.16,27.3 1 0
go.mlcdf.fr/dyndns/tests/smockertest/server.go:31.36,38.34 4 0
go.mlcdf.fr/dyndns/tests/smockertest/server.go:42.2,43.14 2 0
go.mlcdf.fr/dyndns/tests/smockertest/server.go:47.2,47.30 1 0
go.mlcdf.fr/dyndns/tests/smockertest/server.go:38.34,40.3 1 0
go.mlcdf.fr/dyndns/tests/smockertest/server.go:43.14,45.3 1 0
go.mlcdf.fr/dyndns/tests/smockertest/server.go:50.29,51.33 1 0
go.mlcdf.fr/dyndns/tests/smockertest/server.go:55.2,55.35 1 0
go.mlcdf.fr/dyndns/tests/smockertest/server.go:51.33,53.3 1 0
go.mlcdf.fr/dyndns/tests/smockertest/server.go:55.35,57.3 1 0
go.mlcdf.fr/dyndns/tests/smockertest/server.go:60.35,62.2 1 0
go.mlcdf.fr/dyndns/tests/smockertest/server.go:64.37,66.2 1 0
go.mlcdf.fr/dyndns/discord.go:66.58,69.2 2 0
go.mlcdf.fr/dyndns/discord.go:71.59,74.2 2 0
go.mlcdf.fr/dyndns/discord.go:76.61,79.2 2 0
go.mlcdf.fr/dyndns/discord.go:81.54,83.16 2 0
go.mlcdf.fr/dyndns/discord.go:87.2,88.16 2 0
go.mlcdf.fr/dyndns/discord.go:91.2,94.16 3 0
go.mlcdf.fr/dyndns/discord.go:98.2,98.27 1 0
go.mlcdf.fr/dyndns/discord.go:102.2,102.12 1 0
go.mlcdf.fr/dyndns/discord.go:83.16,85.3 1 0
go.mlcdf.fr/dyndns/discord.go:88.16,90.3 1 0
go.mlcdf.fr/dyndns/discord.go:94.16,96.3 1 0
go.mlcdf.fr/dyndns/discord.go:98.27,100.3 1 0
go.mlcdf.fr/dyndns/discord.go:105.60,107.16 2 0
go.mlcdf.fr/dyndns/discord.go:111.2,120.31 3 0
go.mlcdf.fr/dyndns/discord.go:107.16,109.3 1 0
go.mlcdf.fr/dyndns/dyndns.go:23.41,25.23 2 0
go.mlcdf.fr/dyndns/dyndns.go:28.2,28.23 1 0
go.mlcdf.fr/dyndns/dyndns.go:31.2,32.12 2 0
go.mlcdf.fr/dyndns/dyndns.go:25.23,27.3 1 0
go.mlcdf.fr/dyndns/dyndns.go:28.23,30.3 1 0
go.mlcdf.fr/dyndns/dyndns.go:35.44,37.23 2 0
go.mlcdf.fr/dyndns/dyndns.go:40.2,40.23 1 0
go.mlcdf.fr/dyndns/dyndns.go:43.2,43.15 1 0
go.mlcdf.fr/dyndns/dyndns.go:37.23,39.3 1 0
go.mlcdf.fr/dyndns/dyndns.go:40.23,42.3 1 0
go.mlcdf.fr/dyndns/dyndns.go:47.49,49.16 2 0
go.mlcdf.fr/dyndns/dyndns.go:52.2,55.16 3 0
go.mlcdf.fr/dyndns/dyndns.go:59.2,60.15 2 0
go.mlcdf.fr/dyndns/dyndns.go:64.2,64.21 1 0
go.mlcdf.fr/dyndns/dyndns.go:69.2,70.16 2 0
go.mlcdf.fr/dyndns/dyndns.go:73.2,76.16 3 0
go.mlcdf.fr/dyndns/dyndns.go:80.2,81.16 2 0
go.mlcdf.fr/dyndns/dyndns.go:85.2,85.41 1 0
go.mlcdf.fr/dyndns/dyndns.go:49.16,51.3 1 0
go.mlcdf.fr/dyndns/dyndns.go:55.16,57.3 1 0
go.mlcdf.fr/dyndns/dyndns.go:60.15,62.3 1 0
go.mlcdf.fr/dyndns/dyndns.go:64.21,67.3 1 0
go.mlcdf.fr/dyndns/dyndns.go:70.16,72.3 1 0
go.mlcdf.fr/dyndns/dyndns.go:76.16,78.3 1 0
go.mlcdf.fr/dyndns/dyndns.go:81.16,83.3 1 0
go.mlcdf.fr/dyndns/dyndns.go:90.95,92.16 2 0
go.mlcdf.fr/dyndns/dyndns.go:95.2,98.16 3 0
go.mlcdf.fr/dyndns/dyndns.go:102.2,104.17 2 0
go.mlcdf.fr/dyndns/dyndns.go:121.2,122.16 2 0
go.mlcdf.fr/dyndns/dyndns.go:126.2,129.12 3 0
go.mlcdf.fr/dyndns/dyndns.go:92.16,94.3 1 0
go.mlcdf.fr/dyndns/dyndns.go:98.16,100.3 1 0
go.mlcdf.fr/dyndns/dyndns.go:104.17,107.19 2 0
go.mlcdf.fr/dyndns/dyndns.go:118.3,118.13 1 0
go.mlcdf.fr/dyndns/dyndns.go:107.19,117.4 2 0
go.mlcdf.fr/dyndns/dyndns.go:122.16,124.3 1 0
go.mlcdf.fr/dyndns/dyndns.go:132.88,134.25 2 0
go.mlcdf.fr/dyndns/dyndns.go:146.2,155.70 2 0
go.mlcdf.fr/dyndns/dyndns.go:134.25,137.22 2 0
go.mlcdf.fr/dyndns/dyndns.go:143.3,143.34 1 0
go.mlcdf.fr/dyndns/dyndns.go:137.22,139.4 1 0
go.mlcdf.fr/dyndns/dyndns.go:139.9,141.4 1 0
go.mlcdf.fr/dyndns/dyndns.go:158.87,164.37 4 0
go.mlcdf.fr/dyndns/dyndns.go:176.2,178.33 2 0
go.mlcdf.fr/dyndns/dyndns.go:164.37,165.50 1 0
go.mlcdf.fr/dyndns/dyndns.go:165.50,168.66 2 0
go.mlcdf.fr/dyndns/dyndns.go:168.66,170.5 1 0
go.mlcdf.fr/dyndns/dyndns.go:170.10,170.73 1 0
go.mlcdf.fr/dyndns/dyndns.go:170.73,172.5 1 0
go.mlcdf.fr/dyndns/gandi.go:27.82,31.16 3 0
go.mlcdf.fr/dyndns/gandi.go:35.2,40.16 4 0
go.mlcdf.fr/dyndns/gandi.go:43.2,47.16 3 0
go.mlcdf.fr/dyndns/gandi.go:51.2,53.16 3 0
go.mlcdf.fr/dyndns/gandi.go:57.2,57.21 1 0
go.mlcdf.fr/dyndns/gandi.go:31.16,33.3 1 0
go.mlcdf.fr/dyndns/gandi.go:40.16,42.3 1 0
go.mlcdf.fr/dyndns/gandi.go:47.16,49.3 1 0
go.mlcdf.fr/dyndns/gandi.go:53.16,55.3 1 0
go.mlcdf.fr/dyndns/gandi.go:60.35,61.31 1 0
go.mlcdf.fr/dyndns/gandi.go:64.2,64.12 1 0
go.mlcdf.fr/dyndns/gandi.go:61.31,63.3 1 0
go.mlcdf.fr/dyndns/gandi.go:67.85,72.25 2 0
go.mlcdf.fr/dyndns/gandi.go:77.2,78.16 2 0
go.mlcdf.fr/dyndns/gandi.go:82.2,85.16 3 0
go.mlcdf.fr/dyndns/gandi.go:89.2,94.16 4 0
go.mlcdf.fr/dyndns/gandi.go:97.2,101.16 3 0
go.mlcdf.fr/dyndns/gandi.go:105.2,105.27 1 0
go.mlcdf.fr/dyndns/gandi.go:109.2,109.12 1 0
go.mlcdf.fr/dyndns/gandi.go:72.25,75.3 2 0
go.mlcdf.fr/dyndns/gandi.go:78.16,80.3 1 0
go.mlcdf.fr/dyndns/gandi.go:85.16,87.3 1 0
go.mlcdf.fr/dyndns/gandi.go:94.16,96.3 1 0
go.mlcdf.fr/dyndns/gandi.go:101.16,103.3 1 0
go.mlcdf.fr/dyndns/gandi.go:105.27,107.3 1 0
go.mlcdf.fr/dyndns/http.go:12.13,13.22 1 1
go.mlcdf.fr/dyndns/http.go:13.22,15.3 1 1
go.mlcdf.fr/dyndns/main.go:42.13,45.2 2 0
go.mlcdf.fr/dyndns/main.go:47.25,49.22 2 1
go.mlcdf.fr/dyndns/main.go:51.2,51.23 1 1
go.mlcdf.fr/dyndns/main.go:56.2,76.17 9 1
go.mlcdf.fr/dyndns/main.go:81.2,82.19 2 1
go.mlcdf.fr/dyndns/main.go:87.2,90.22 3 0
go.mlcdf.fr/dyndns/main.go:95.2,95.22 1 0
go.mlcdf.fr/dyndns/main.go:100.2,101.17 2 0
go.mlcdf.fr/dyndns/main.go:106.2,114.16 4 0
go.mlcdf.fr/dyndns/main.go:119.2,119.15 1 0
go.mlcdf.fr/dyndns/main.go:49.22,49.54 1 0
go.mlcdf.fr/dyndns/main.go:51.23,54.3 2 0
go.mlcdf.fr/dyndns/main.go:76.17,79.3 2 0
go.mlcdf.fr/dyndns/main.go:82.19,85.3 2 1
go.mlcdf.fr/dyndns/main.go:90.22,93.3 2 0
go.mlcdf.fr/dyndns/main.go:95.22,98.3 2 0
go.mlcdf.fr/dyndns/main.go:101.17,104.3 2 0
go.mlcdf.fr/dyndns/main.go:114.16,117.3 2 0
go.mlcdf.fr/dyndns/dyndns.go:23.41,25.23 2 0
go.mlcdf.fr/dyndns/dyndns.go:28.2,28.23 1 0
go.mlcdf.fr/dyndns/dyndns.go:31.2,32.12 2 0
go.mlcdf.fr/dyndns/dyndns.go:25.23,27.3 1 0
go.mlcdf.fr/dyndns/dyndns.go:28.23,30.3 1 0
go.mlcdf.fr/dyndns/dyndns.go:35.44,37.23 2 0
go.mlcdf.fr/dyndns/dyndns.go:40.2,40.23 1 0
go.mlcdf.fr/dyndns/dyndns.go:43.2,43.15 1 0
go.mlcdf.fr/dyndns/dyndns.go:37.23,39.3 1 0
go.mlcdf.fr/dyndns/dyndns.go:40.23,42.3 1 0
go.mlcdf.fr/dyndns/dyndns.go:47.49,49.16 2 0
go.mlcdf.fr/dyndns/dyndns.go:52.2,55.16 3 0
go.mlcdf.fr/dyndns/dyndns.go:59.2,60.15 2 0
go.mlcdf.fr/dyndns/dyndns.go:64.2,64.21 1 0
go.mlcdf.fr/dyndns/dyndns.go:69.2,70.16 2 0
go.mlcdf.fr/dyndns/dyndns.go:73.2,76.16 3 0
go.mlcdf.fr/dyndns/dyndns.go:80.2,81.16 2 0
go.mlcdf.fr/dyndns/dyndns.go:85.2,85.41 1 0
go.mlcdf.fr/dyndns/dyndns.go:49.16,51.3 1 0
go.mlcdf.fr/dyndns/dyndns.go:55.16,57.3 1 0
go.mlcdf.fr/dyndns/dyndns.go:60.15,62.3 1 0
go.mlcdf.fr/dyndns/dyndns.go:64.21,67.3 1 0
go.mlcdf.fr/dyndns/dyndns.go:70.16,72.3 1 0
go.mlcdf.fr/dyndns/dyndns.go:76.16,78.3 1 0
go.mlcdf.fr/dyndns/dyndns.go:81.16,83.3 1 0
go.mlcdf.fr/dyndns/dyndns.go:90.95,92.16 2 0
go.mlcdf.fr/dyndns/dyndns.go:95.2,98.16 3 0
go.mlcdf.fr/dyndns/dyndns.go:102.2,104.17 2 0
go.mlcdf.fr/dyndns/dyndns.go:121.2,122.16 2 0
go.mlcdf.fr/dyndns/dyndns.go:126.2,129.12 3 0
go.mlcdf.fr/dyndns/dyndns.go:92.16,94.3 1 0
go.mlcdf.fr/dyndns/dyndns.go:98.16,100.3 1 0
go.mlcdf.fr/dyndns/dyndns.go:104.17,107.19 2 0
go.mlcdf.fr/dyndns/dyndns.go:118.3,118.13 1 0
go.mlcdf.fr/dyndns/dyndns.go:107.19,117.4 2 0
go.mlcdf.fr/dyndns/dyndns.go:122.16,124.3 1 0
go.mlcdf.fr/dyndns/dyndns.go:132.88,134.25 2 0
go.mlcdf.fr/dyndns/dyndns.go:146.2,155.70 2 0
go.mlcdf.fr/dyndns/dyndns.go:134.25,137.22 2 0
go.mlcdf.fr/dyndns/dyndns.go:143.3,143.34 1 0
go.mlcdf.fr/dyndns/dyndns.go:137.22,139.4 1 0
go.mlcdf.fr/dyndns/dyndns.go:139.9,141.4 1 0
go.mlcdf.fr/dyndns/dyndns.go:158.87,164.37 4 0
go.mlcdf.fr/dyndns/dyndns.go:176.2,178.33 2 0
go.mlcdf.fr/dyndns/dyndns.go:164.37,165.50 1 0
go.mlcdf.fr/dyndns/dyndns.go:165.50,168.66 2 0
go.mlcdf.fr/dyndns/dyndns.go:168.66,170.5 1 0
go.mlcdf.fr/dyndns/dyndns.go:170.10,170.73 1 0
go.mlcdf.fr/dyndns/dyndns.go:170.73,172.5 1 0
go.mlcdf.fr/dyndns/gandi.go:27.82,31.16 3 0
go.mlcdf.fr/dyndns/gandi.go:35.2,40.16 4 0
go.mlcdf.fr/dyndns/gandi.go:43.2,47.16 3 0
go.mlcdf.fr/dyndns/gandi.go:51.2,53.16 3 0
go.mlcdf.fr/dyndns/gandi.go:57.2,57.21 1 0
go.mlcdf.fr/dyndns/gandi.go:31.16,33.3 1 0
go.mlcdf.fr/dyndns/gandi.go:40.16,42.3 1 0
go.mlcdf.fr/dyndns/gandi.go:47.16,49.3 1 0
go.mlcdf.fr/dyndns/gandi.go:53.16,55.3 1 0
go.mlcdf.fr/dyndns/gandi.go:60.35,61.31 1 0
go.mlcdf.fr/dyndns/gandi.go:64.2,64.12 1 0
go.mlcdf.fr/dyndns/gandi.go:61.31,63.3 1 0
go.mlcdf.fr/dyndns/gandi.go:67.85,72.25 2 0
go.mlcdf.fr/dyndns/gandi.go:77.2,78.16 2 0
go.mlcdf.fr/dyndns/gandi.go:82.2,85.16 3 0
go.mlcdf.fr/dyndns/gandi.go:89.2,94.16 4 0
go.mlcdf.fr/dyndns/gandi.go:97.2,101.16 3 0
go.mlcdf.fr/dyndns/gandi.go:105.2,105.27 1 0
go.mlcdf.fr/dyndns/gandi.go:109.2,109.12 1 0
go.mlcdf.fr/dyndns/gandi.go:72.25,75.3 2 0
go.mlcdf.fr/dyndns/gandi.go:78.16,80.3 1 0
go.mlcdf.fr/dyndns/gandi.go:85.16,87.3 1 0
go.mlcdf.fr/dyndns/gandi.go:94.16,96.3 1 0
go.mlcdf.fr/dyndns/gandi.go:101.16,103.3 1 0
go.mlcdf.fr/dyndns/gandi.go:105.27,107.3 1 0
go.mlcdf.fr/dyndns/http.go:12.13,13.22 1 1
go.mlcdf.fr/dyndns/http.go:13.22,15.3 1 1
go.mlcdf.fr/dyndns/main.go:42.13,45.2 2 0
go.mlcdf.fr/dyndns/main.go:47.25,49.22 2 1
go.mlcdf.fr/dyndns/main.go:51.2,51.23 1 1
go.mlcdf.fr/dyndns/main.go:56.2,76.17 9 1
go.mlcdf.fr/dyndns/main.go:81.2,82.19 2 1
go.mlcdf.fr/dyndns/main.go:87.2,90.22 3 1
go.mlcdf.fr/dyndns/main.go:95.2,95.22 1 1
go.mlcdf.fr/dyndns/main.go:100.2,101.17 2 0
go.mlcdf.fr/dyndns/main.go:106.2,114.16 4 0
go.mlcdf.fr/dyndns/main.go:119.2,119.15 1 0
go.mlcdf.fr/dyndns/main.go:49.22,49.54 1 0
go.mlcdf.fr/dyndns/main.go:51.23,54.3 2 0
go.mlcdf.fr/dyndns/main.go:76.17,79.3 2 0
go.mlcdf.fr/dyndns/main.go:82.19,85.3 2 0
go.mlcdf.fr/dyndns/main.go:90.22,93.3 2 0
go.mlcdf.fr/dyndns/main.go:95.22,98.3 2 1
go.mlcdf.fr/dyndns/main.go:101.17,104.3 2 0
go.mlcdf.fr/dyndns/main.go:114.16,117.3 2 0
go.mlcdf.fr/dyndns/tests/smockertest/client.go:14.80,18.2 3 1
go.mlcdf.fr/dyndns/tests/smockertest/client.go:21.38,23.16 2 0
go.mlcdf.fr/dyndns/tests/smockertest/client.go:27.2,30.16 3 0
go.mlcdf.fr/dyndns/tests/smockertest/client.go:34.2,34.27 1 0
go.mlcdf.fr/dyndns/tests/smockertest/client.go:38.2,38.12 1 0
go.mlcdf.fr/dyndns/tests/smockertest/client.go:23.16,25.3 1 0
go.mlcdf.fr/dyndns/tests/smockertest/client.go:30.16,32.3 1 0
go.mlcdf.fr/dyndns/tests/smockertest/client.go:34.27,36.3 1 0
go.mlcdf.fr/dyndns/tests/smockertest/server.go:23.31,25.16 2 0
go.mlcdf.fr/dyndns/tests/smockertest/server.go:28.2,28.18 1 0
go.mlcdf.fr/dyndns/tests/smockertest/server.go:25.16,27.3 1 0
go.mlcdf.fr/dyndns/tests/smockertest/server.go:31.36,38.34 4 0
go.mlcdf.fr/dyndns/tests/smockertest/server.go:42.2,43.14 2 0
go.mlcdf.fr/dyndns/tests/smockertest/server.go:47.2,47.30 1 0
go.mlcdf.fr/dyndns/tests/smockertest/server.go:38.34,40.3 1 0
go.mlcdf.fr/dyndns/tests/smockertest/server.go:43.14,45.3 1 0
go.mlcdf.fr/dyndns/tests/smockertest/server.go:50.29,51.33 1 0
go.mlcdf.fr/dyndns/tests/smockertest/server.go:55.2,55.35 1 0
go.mlcdf.fr/dyndns/tests/smockertest/server.go:51.33,53.3 1 0
go.mlcdf.fr/dyndns/tests/smockertest/server.go:55.35,57.3 1 0
go.mlcdf.fr/dyndns/tests/smockertest/server.go:60.35,62.2 1 0
go.mlcdf.fr/dyndns/tests/smockertest/server.go:64.37,66.2 1 0
go.mlcdf.fr/dyndns/discord.go:66.58,69.2 2 0
go.mlcdf.fr/dyndns/discord.go:71.59,74.2 2 1
go.mlcdf.fr/dyndns/discord.go:76.61,79.2 2 0
go.mlcdf.fr/dyndns/discord.go:81.54,83.16 2 1
go.mlcdf.fr/dyndns/discord.go:87.2,88.16 2 1
go.mlcdf.fr/dyndns/discord.go:91.2,94.16 3 1
go.mlcdf.fr/dyndns/discord.go:98.2,98.27 1 1
go.mlcdf.fr/dyndns/discord.go:102.2,102.12 1 0
go.mlcdf.fr/dyndns/discord.go:83.16,85.3 1 0
go.mlcdf.fr/dyndns/discord.go:88.16,90.3 1 0
go.mlcdf.fr/dyndns/discord.go:94.16,96.3 1 0
go.mlcdf.fr/dyndns/discord.go:98.27,100.3 1 1
go.mlcdf.fr/dyndns/discord.go:105.60,107.16 2 1
go.mlcdf.fr/dyndns/discord.go:111.2,120.31 3 1
go.mlcdf.fr/dyndns/discord.go:107.16,109.3 1 0
go.mlcdf.fr/dyndns/tests/smockertest/server.go:23.31,25.16 2 0
go.mlcdf.fr/dyndns/tests/smockertest/server.go:28.2,28.18 1 0
go.mlcdf.fr/dyndns/tests/smockertest/server.go:25.16,27.3 1 0
go.mlcdf.fr/dyndns/tests/smockertest/server.go:31.36,38.34 4 0
go.mlcdf.fr/dyndns/tests/smockertest/server.go:42.2,43.14 2 0
go.mlcdf.fr/dyndns/tests/smockertest/server.go:47.2,47.30 1 0
go.mlcdf.fr/dyndns/tests/smockertest/server.go:38.34,40.3 1 0
go.mlcdf.fr/dyndns/tests/smockertest/server.go:43.14,45.3 1 0
go.mlcdf.fr/dyndns/tests/smockertest/server.go:50.29,51.33 1 0
go.mlcdf.fr/dyndns/tests/smockertest/server.go:55.2,55.35 1 0
go.mlcdf.fr/dyndns/tests/smockertest/server.go:51.33,53.3 1 0
go.mlcdf.fr/dyndns/tests/smockertest/server.go:55.35,57.3 1 0
go.mlcdf.fr/dyndns/tests/smockertest/server.go:60.35,62.2 1 0
go.mlcdf.fr/dyndns/tests/smockertest/server.go:64.37,66.2 1 0
go.mlcdf.fr/dyndns/discord.go:66.58,69.2 2 0
go.mlcdf.fr/dyndns/discord.go:71.59,74.2 2 1
go.mlcdf.fr/dyndns/discord.go:76.61,79.2 2 0
go.mlcdf.fr/dyndns/discord.go:81.54,83.16 2 1
go.mlcdf.fr/dyndns/discord.go:87.2,88.16 2 1
go.mlcdf.fr/dyndns/discord.go:91.2,94.16 3 1
go.mlcdf.fr/dyndns/discord.go:98.2,98.27 1 1
go.mlcdf.fr/dyndns/discord.go:102.2,102.12 1 0
go.mlcdf.fr/dyndns/discord.go:83.16,85.3 1 0
go.mlcdf.fr/dyndns/discord.go:88.16,90.3 1 0
go.mlcdf.fr/dyndns/discord.go:94.16,96.3 1 0
go.mlcdf.fr/dyndns/discord.go:98.27,100.3 1 1
go.mlcdf.fr/dyndns/discord.go:105.60,107.16 2 1
go.mlcdf.fr/dyndns/discord.go:111.2,120.31 3 1
go.mlcdf.fr/dyndns/discord.go:107.16,109.3 1 0
go.mlcdf.fr/dyndns/dyndns.go:23.41,25.23 2 0
go.mlcdf.fr/dyndns/dyndns.go:28.2,28.23 1 0
go.mlcdf.fr/dyndns/dyndns.go:31.2,32.12 2 0
go.mlcdf.fr/dyndns/dyndns.go:25.23,27.3 1 0
go.mlcdf.fr/dyndns/dyndns.go:28.23,30.3 1 0
go.mlcdf.fr/dyndns/dyndns.go:35.44,37.23 2 0
go.mlcdf.fr/dyndns/dyndns.go:40.2,40.23 1 0
go.mlcdf.fr/dyndns/dyndns.go:43.2,43.15 1 0
go.mlcdf.fr/dyndns/dyndns.go:37.23,39.3 1 0
go.mlcdf.fr/dyndns/dyndns.go:40.23,42.3 1 0
go.mlcdf.fr/dyndns/dyndns.go:47.49,49.16 2 0
go.mlcdf.fr/dyndns/dyndns.go:52.2,55.16 3 0
go.mlcdf.fr/dyndns/dyndns.go:59.2,60.15 2 0
go.mlcdf.fr/dyndns/dyndns.go:64.2,64.21 1 0
go.mlcdf.fr/dyndns/dyndns.go:69.2,70.16 2 0
go.mlcdf.fr/dyndns/dyndns.go:73.2,76.16 3 0
go.mlcdf.fr/dyndns/dyndns.go:80.2,81.16 2 0
go.mlcdf.fr/dyndns/dyndns.go:85.2,85.41 1 0
go.mlcdf.fr/dyndns/dyndns.go:49.16,51.3 1 0
go.mlcdf.fr/dyndns/dyndns.go:55.16,57.3 1 0
go.mlcdf.fr/dyndns/dyndns.go:60.15,62.3 1 0
go.mlcdf.fr/dyndns/dyndns.go:64.21,67.3 1 0
go.mlcdf.fr/dyndns/dyndns.go:70.16,72.3 1 0
go.mlcdf.fr/dyndns/dyndns.go:76.16,78.3 1 0
go.mlcdf.fr/dyndns/dyndns.go:81.16,83.3 1 0
go.mlcdf.fr/dyndns/dyndns.go:90.95,92.16 2 0
go.mlcdf.fr/dyndns/dyndns.go:95.2,98.16 3 0
go.mlcdf.fr/dyndns/dyndns.go:102.2,104.17 2 0
go.mlcdf.fr/dyndns/dyndns.go:121.2,122.16 2 0
go.mlcdf.fr/dyndns/dyndns.go:126.2,129.12 3 0
go.mlcdf.fr/dyndns/dyndns.go:92.16,94.3 1 0
go.mlcdf.fr/dyndns/dyndns.go:98.16,100.3 1 0
go.mlcdf.fr/dyndns/dyndns.go:104.17,107.19 2 0
go.mlcdf.fr/dyndns/dyndns.go:118.3,118.13 1 0
go.mlcdf.fr/dyndns/dyndns.go:107.19,117.4 2 0
go.mlcdf.fr/dyndns/dyndns.go:122.16,124.3 1 0
go.mlcdf.fr/dyndns/dyndns.go:132.88,134.25 2 0
go.mlcdf.fr/dyndns/dyndns.go:146.2,155.70 2 0
go.mlcdf.fr/dyndns/dyndns.go:134.25,137.22 2 0
go.mlcdf.fr/dyndns/dyndns.go:143.3,143.34 1 0
go.mlcdf.fr/dyndns/dyndns.go:137.22,139.4 1 0
go.mlcdf.fr/dyndns/dyndns.go:139.9,141.4 1 0
go.mlcdf.fr/dyndns/dyndns.go:158.87,164.37 4 0
go.mlcdf.fr/dyndns/dyndns.go:176.2,178.33 2 0
go.mlcdf.fr/dyndns/dyndns.go:164.37,165.50 1 0
go.mlcdf.fr/dyndns/dyndns.go:165.50,168.66 2 0
go.mlcdf.fr/dyndns/dyndns.go:168.66,170.5 1 0
go.mlcdf.fr/dyndns/dyndns.go:170.10,170.73 1 0
go.mlcdf.fr/dyndns/dyndns.go:170.73,172.5 1 0
go.mlcdf.fr/dyndns/gandi.go:27.82,31.16 3 0
go.mlcdf.fr/dyndns/gandi.go:35.2,40.16 4 0
go.mlcdf.fr/dyndns/gandi.go:43.2,47.16 3 0
go.mlcdf.fr/dyndns/gandi.go:51.2,53.16 3 0
go.mlcdf.fr/dyndns/gandi.go:57.2,57.21 1 0
go.mlcdf.fr/dyndns/gandi.go:31.16,33.3 1 0
go.mlcdf.fr/dyndns/gandi.go:40.16,42.3 1 0
go.mlcdf.fr/dyndns/gandi.go:47.16,49.3 1 0
go.mlcdf.fr/dyndns/gandi.go:53.16,55.3 1 0
go.mlcdf.fr/dyndns/gandi.go:60.35,61.31 1 0
go.mlcdf.fr/dyndns/gandi.go:64.2,64.12 1 0
go.mlcdf.fr/dyndns/gandi.go:61.31,63.3 1 0
go.mlcdf.fr/dyndns/gandi.go:67.85,72.25 2 0
go.mlcdf.fr/dyndns/gandi.go:77.2,78.16 2 0
go.mlcdf.fr/dyndns/gandi.go:82.2,85.16 3 0
go.mlcdf.fr/dyndns/gandi.go:89.2,94.16 4 0
go.mlcdf.fr/dyndns/gandi.go:97.2,101.16 3 0
go.mlcdf.fr/dyndns/gandi.go:105.2,105.27 1 0
go.mlcdf.fr/dyndns/gandi.go:109.2,109.12 1 0
go.mlcdf.fr/dyndns/gandi.go:72.25,75.3 2 0
go.mlcdf.fr/dyndns/gandi.go:78.16,80.3 1 0
go.mlcdf.fr/dyndns/gandi.go:85.16,87.3 1 0
go.mlcdf.fr/dyndns/gandi.go:94.16,96.3 1 0
go.mlcdf.fr/dyndns/gandi.go:101.16,103.3 1 0
go.mlcdf.fr/dyndns/gandi.go:105.27,107.3 1 0
go.mlcdf.fr/dyndns/http.go:12.13,13.22 1 1
go.mlcdf.fr/dyndns/http.go:13.22,15.3 1 1
go.mlcdf.fr/dyndns/main.go:42.13,45.2 2 0
go.mlcdf.fr/dyndns/main.go:47.25,49.22 2 1
go.mlcdf.fr/dyndns/main.go:51.2,51.23 1 1
go.mlcdf.fr/dyndns/main.go:56.2,76.17 9 1
go.mlcdf.fr/dyndns/main.go:81.2,82.19 2 1
go.mlcdf.fr/dyndns/main.go:87.2,90.22 3 1
go.mlcdf.fr/dyndns/main.go:95.2,95.22 1 0
go.mlcdf.fr/dyndns/main.go:100.2,101.17 2 0
go.mlcdf.fr/dyndns/main.go:106.2,114.16 4 0
go.mlcdf.fr/dyndns/main.go:119.2,119.15 1 0
go.mlcdf.fr/dyndns/main.go:49.22,49.54 1 0
go.mlcdf.fr/dyndns/main.go:51.23,54.3 2 0
go.mlcdf.fr/dyndns/main.go:76.17,79.3 2 0
go.mlcdf.fr/dyndns/main.go:82.19,85.3 2 0
go.mlcdf.fr/dyndns/main.go:90.22,93.3 2 1
go.mlcdf.fr/dyndns/main.go:95.22,98.3 2 0
go.mlcdf.fr/dyndns/main.go:101.17,104.3 2 0
go.mlcdf.fr/dyndns/main.go:114.16,117.3 2 0
go.mlcdf.fr/dyndns/tests/smockertest/client.go:14.80,18.2 3 1
go.mlcdf.fr/dyndns/tests/smockertest/client.go:21.38,23.16 2 0
go.mlcdf.fr/dyndns/tests/smockertest/client.go:27.2,30.16 3 0
go.mlcdf.fr/dyndns/tests/smockertest/client.go:34.2,34.27 1 0
go.mlcdf.fr/dyndns/tests/smockertest/client.go:38.2,38.12 1 0
go.mlcdf.fr/dyndns/tests/smockertest/client.go:23.16,25.3 1 0
go.mlcdf.fr/dyndns/tests/smockertest/client.go:30.16,32.3 1 0
go.mlcdf.fr/dyndns/tests/smockertest/client.go:34.27,36.3 1 0
go.mlcdf.fr/dyndns/tests/smockertest/client.go:14.80,18.2 3 0
go.mlcdf.fr/dyndns/tests/smockertest/client.go:21.38,23.16 2 0
go.mlcdf.fr/dyndns/tests/smockertest/client.go:27.2,30.16 3 0
go.mlcdf.fr/dyndns/tests/smockertest/client.go:34.2,34.27 1 0
go.mlcdf.fr/dyndns/tests/smockertest/client.go:38.2,38.12 1 0
go.mlcdf.fr/dyndns/tests/smockertest/client.go:23.16,25.3 1 0
go.mlcdf.fr/dyndns/tests/smockertest/client.go:30.16,32.3 1 0
go.mlcdf.fr/dyndns/tests/smockertest/client.go:34.27,36.3 1 0
go.mlcdf.fr/dyndns/tests/smockertest/server.go:23.31,25.16 2 0
go.mlcdf.fr/dyndns/tests/smockertest/server.go:28.2,28.18 1 0
go.mlcdf.fr/dyndns/tests/smockertest/server.go:25.16,27.3 1 0
go.mlcdf.fr/dyndns/tests/smockertest/server.go:31.36,38.34 4 0
go.mlcdf.fr/dyndns/tests/smockertest/server.go:42.2,43.14 2 0
go.mlcdf.fr/dyndns/tests/smockertest/server.go:47.2,47.30 1 0
go.mlcdf.fr/dyndns/tests/smockertest/server.go:38.34,40.3 1 0
go.mlcdf.fr/dyndns/tests/smockertest/server.go:43.14,45.3 1 0
go.mlcdf.fr/dyndns/tests/smockertest/server.go:50.29,51.33 1 0
go.mlcdf.fr/dyndns/tests/smockertest/server.go:55.2,55.35 1 0
go.mlcdf.fr/dyndns/tests/smockertest/server.go:51.33,53.3 1 0
go.mlcdf.fr/dyndns/tests/smockertest/server.go:55.35,57.3 1 0
go.mlcdf.fr/dyndns/tests/smockertest/server.go:60.35,62.2 1 0
go.mlcdf.fr/dyndns/tests/smockertest/server.go:64.37,66.2 1 0
go.mlcdf.fr/dyndns/discord.go:66.58,69.2 2 0
go.mlcdf.fr/dyndns/discord.go:71.59,74.2 2 0
go.mlcdf.fr/dyndns/discord.go:76.61,79.2 2 0
go.mlcdf.fr/dyndns/discord.go:81.54,83.16 2 0
go.mlcdf.fr/dyndns/discord.go:87.2,88.16 2 0
go.mlcdf.fr/dyndns/discord.go:91.2,94.16 3 0
go.mlcdf.fr/dyndns/discord.go:98.2,98.27 1 0
go.mlcdf.fr/dyndns/discord.go:102.2,102.12 1 0
go.mlcdf.fr/dyndns/discord.go:83.16,85.3 1 0
go.mlcdf.fr/dyndns/discord.go:88.16,90.3 1 0
go.mlcdf.fr/dyndns/discord.go:94.16,96.3 1 0
go.mlcdf.fr/dyndns/discord.go:98.27,100.3 1 0
go.mlcdf.fr/dyndns/discord.go:105.60,107.16 2 0
go.mlcdf.fr/dyndns/discord.go:111.2,120.31 3 0
go.mlcdf.fr/dyndns/discord.go:107.16,109.3 1 0
go.mlcdf.fr/dyndns/dyndns.go:23.41,25.23 2 0
go.mlcdf.fr/dyndns/dyndns.go:28.2,28.23 1 0
go.mlcdf.fr/dyndns/dyndns.go:31.2,32.12 2 0
go.mlcdf.fr/dyndns/dyndns.go:25.23,27.3 1 0
go.mlcdf.fr/dyndns/dyndns.go:28.23,30.3 1 0
go.mlcdf.fr/dyndns/dyndns.go:35.44,37.23 2 0
go.mlcdf.fr/dyndns/dyndns.go:40.2,40.23 1 0
go.mlcdf.fr/dyndns/dyndns.go:43.2,43.15 1 0
go.mlcdf.fr/dyndns/dyndns.go:37.23,39.3 1 0
go.mlcdf.fr/dyndns/dyndns.go:40.23,42.3 1 0
go.mlcdf.fr/dyndns/dyndns.go:47.49,49.16 2 0
go.mlcdf.fr/dyndns/dyndns.go:52.2,55.16 3 0
go.mlcdf.fr/dyndns/dyndns.go:59.2,60.15 2 0
go.mlcdf.fr/dyndns/dyndns.go:64.2,64.21 1 0
go.mlcdf.fr/dyndns/dyndns.go:69.2,70.16 2 0
go.mlcdf.fr/dyndns/dyndns.go:73.2,76.16 3 0
go.mlcdf.fr/dyndns/dyndns.go:80.2,81.16 2 0
go.mlcdf.fr/dyndns/dyndns.go:85.2,85.41 1 0
go.mlcdf.fr/dyndns/dyndns.go:49.16,51.3 1 0
go.mlcdf.fr/dyndns/dyndns.go:55.16,57.3 1 0
go.mlcdf.fr/dyndns/dyndns.go:60.15,62.3 1 0
go.mlcdf.fr/dyndns/dyndns.go:64.21,67.3 1 0
go.mlcdf.fr/dyndns/dyndns.go:70.16,72.3 1 0
go.mlcdf.fr/dyndns/dyndns.go:76.16,78.3 1 0
go.mlcdf.fr/dyndns/dyndns.go:81.16,83.3 1 0
go.mlcdf.fr/dyndns/dyndns.go:90.95,92.16 2 0
go.mlcdf.fr/dyndns/dyndns.go:95.2,98.16 3 0
go.mlcdf.fr/dyndns/dyndns.go:102.2,104.17 2 0
go.mlcdf.fr/dyndns/dyndns.go:121.2,122.16 2 0
go.mlcdf.fr/dyndns/dyndns.go:126.2,129.12 3 0
go.mlcdf.fr/dyndns/dyndns.go:92.16,94.3 1 0
go.mlcdf.fr/dyndns/dyndns.go:98.16,100.3 1 0
go.mlcdf.fr/dyndns/dyndns.go:104.17,107.19 2 0
go.mlcdf.fr/dyndns/dyndns.go:118.3,118.13 1 0
go.mlcdf.fr/dyndns/dyndns.go:107.19,117.4 2 0
go.mlcdf.fr/dyndns/dyndns.go:122.16,124.3 1 0
go.mlcdf.fr/dyndns/dyndns.go:132.88,134.25 2 0
go.mlcdf.fr/dyndns/dyndns.go:146.2,155.70 2 0
go.mlcdf.fr/dyndns/dyndns.go:134.25,137.22 2 0
go.mlcdf.fr/dyndns/dyndns.go:143.3,143.34 1 0
go.mlcdf.fr/dyndns/dyndns.go:137.22,139.4 1 0
go.mlcdf.fr/dyndns/dyndns.go:139.9,141.4 1 0
go.mlcdf.fr/dyndns/dyndns.go:158.87,164.37 4 0
go.mlcdf.fr/dyndns/dyndns.go:176.2,178.33 2 0
go.mlcdf.fr/dyndns/dyndns.go:164.37,165.50 1 0
go.mlcdf.fr/dyndns/dyndns.go:165.50,168.66 2 0
go.mlcdf.fr/dyndns/dyndns.go:168.66,170.5 1 0
go.mlcdf.fr/dyndns/dyndns.go:170.10,170.73 1 0
go.mlcdf.fr/dyndns/dyndns.go:170.73,172.5 1 0
go.mlcdf.fr/dyndns/gandi.go:27.82,31.16 3 0
go.mlcdf.fr/dyndns/gandi.go:35.2,40.16 4 0
go.mlcdf.fr/dyndns/gandi.go:43.2,47.16 3 0
go.mlcdf.fr/dyndns/gandi.go:51.2,53.16 3 0
go.mlcdf.fr/dyndns/gandi.go:57.2,57.21 1 0
go.mlcdf.fr/dyndns/gandi.go:31.16,33.3 1 0
go.mlcdf.fr/dyndns/gandi.go:40.16,42.3 1 0
go.mlcdf.fr/dyndns/gandi.go:47.16,49.3 1 0
go.mlcdf.fr/dyndns/gandi.go:53.16,55.3 1 0
go.mlcdf.fr/dyndns/gandi.go:60.35,61.31 1 0
go.mlcdf.fr/dyndns/gandi.go:64.2,64.12 1 0
go.mlcdf.fr/dyndns/gandi.go:61.31,63.3 1 0
go.mlcdf.fr/dyndns/gandi.go:67.85,72.25 2 0
go.mlcdf.fr/dyndns/gandi.go:77.2,78.16 2 0
go.mlcdf.fr/dyndns/gandi.go:82.2,85.16 3 0
go.mlcdf.fr/dyndns/gandi.go:89.2,94.16 4 0
go.mlcdf.fr/dyndns/gandi.go:97.2,101.16 3 0
go.mlcdf.fr/dyndns/gandi.go:105.2,105.27 1 0
go.mlcdf.fr/dyndns/gandi.go:109.2,109.12 1 0
go.mlcdf.fr/dyndns/gandi.go:72.25,75.3 2 0
go.mlcdf.fr/dyndns/gandi.go:78.16,80.3 1 0
go.mlcdf.fr/dyndns/gandi.go:85.16,87.3 1 0
go.mlcdf.fr/dyndns/gandi.go:94.16,96.3 1 0
go.mlcdf.fr/dyndns/gandi.go:101.16,103.3 1 0
go.mlcdf.fr/dyndns/gandi.go:105.27,107.3 1 0
go.mlcdf.fr/dyndns/http.go:12.13,13.22 1 1
go.mlcdf.fr/dyndns/http.go:13.22,15.3 1 1
go.mlcdf.fr/dyndns/main.go:42.13,45.2 2 0
go.mlcdf.fr/dyndns/main.go:47.25,49.22 2 1
go.mlcdf.fr/dyndns/main.go:51.2,51.23 1 1
go.mlcdf.fr/dyndns/main.go:56.2,76.17 9 0
go.mlcdf.fr/dyndns/main.go:81.2,82.19 2 0
go.mlcdf.fr/dyndns/main.go:87.2,90.22 3 0
go.mlcdf.fr/dyndns/main.go:95.2,95.22 1 0
go.mlcdf.fr/dyndns/main.go:100.2,101.17 2 0
go.mlcdf.fr/dyndns/main.go:106.2,114.16 4 0
go.mlcdf.fr/dyndns/main.go:119.2,119.15 1 0
go.mlcdf.fr/dyndns/main.go:49.22,49.54 1 1
go.mlcdf.fr/dyndns/main.go:51.23,54.3 2 1
go.mlcdf.fr/dyndns/main.go:76.17,79.3 2 0
go.mlcdf.fr/dyndns/main.go:82.19,85.3 2 0
go.mlcdf.fr/dyndns/main.go:90.22,93.3 2 0
go.mlcdf.fr/dyndns/main.go:95.22,98.3 2 0
go.mlcdf.fr/dyndns/main.go:101.17,104.3 2 0
go.mlcdf.fr/dyndns/main.go:114.16,117.3 2 0